
========== exp05 BiLSTM  1184 (full)  resume=True  ->  /home/norak/R&I/Explainable-AI-for-Automated-Grading-of-Khmer-Language-Short-Answer-Questions-in-Education/results_full_v05_bilstm ==========
  rows=1184 train=828 val=178 test=178
    epoch  1  loss(tr/va/te)=0.0904/0.0799/0.0807  qwk(tr/va/te)=0.0000/0.0000/0.0000  acc(tr/va/te)=0.1606/0.1629/0.1629
    epoch  2  loss(tr/va/te)=0.0706/0.0651/0.0625  qwk(tr/va/te)=0.1138/0.0758/0.0899  acc(tr/va/te)=0.2186/0.2022/0.2247
    epoch  3  loss(tr/va/te)=0.0594/0.0543/0.0491  qwk(tr/va/te)=0.4668/0.4641/0.5332  acc(tr/va/te)=0.3913/0.4157/0.4663
    epoch  4  loss(tr/va/te)=0.0517/0.0582/0.0552  qwk(tr/va/te)=0.4410/0.3838/0.4418  acc(tr/va/te)=0.4215/0.3764/0.4663
    epoch  5  loss(tr/va/te)=0.0491/0.0501/0.0475  qwk(tr/va/te)=0.5493/0.5150/0.5580  acc(tr/va/te)=0.4589/0.4157/0.5562
    epoch  6  loss(tr/va/te)=0.0422/0.0467/0.0428  qwk(tr/va/te)=0.6129/0.5775/0.5990  acc(tr/va/te)=0.5266/0.5056/0.6011
    epoch  7  loss(tr/va/te)=0.0409/0.0450/0.0405  qwk(tr/va/te)=0.6541/0.6128/0.6288  acc(tr/va/te)=0.5169/0.4944/0.6067
    epoch  8  loss(tr/va/te)=0.0385/0.0428/0.0412  qwk(tr/va/te)=0.6869/0.5957/0.6637  acc(tr/va/te)=0.5531/0.5056/0.6461
    epoch  9  loss(tr/va/te)=0.0358/0.0437/0.0416  qwk(tr/va/te)=0.6963/0.5803/0.6810  acc(tr/va/te)=0.5833/0.5000/0.6573
    epoch 10  loss(tr/va/te)=0.0343/0.0403/0.0370  qwk(tr/va/te)=0.7253/0.6402/0.7052  acc(tr/va/te)=0.5845/0.5393/0.6685
    epoch 11  loss(tr/va/te)=0.0310/0.0414/0.0396  qwk(tr/va/te)=0.7576/0.6557/0.6786  acc(tr/va/te)=0.6196/0.5562/0.6180
    epoch 12  loss(tr/va/te)=0.0301/0.0417/0.0394  qwk(tr/va/te)=0.7589/0.6700/0.6950  acc(tr/va/te)=0.6159/0.6011/0.6180
    epoch 13  loss(tr/va/te)=0.0278/0.0396/0.0377  qwk(tr/va/te)=0.7471/0.6181/0.7141  acc(tr/va/te)=0.6123/0.5281/0.6629
    epoch 14  loss(tr/va/te)=0.0261/0.0383/0.0367  qwk(tr/va/te)=0.7917/0.6780/0.7290  acc(tr/va/te)=0.6618/0.6011/0.6629
    epoch 15  loss(tr/va/te)=0.0252/0.0371/0.0344  qwk(tr/va/te)=0.7692/0.6392/0.7093  acc(tr/va/te)=0.6486/0.5337/0.6461
    epoch 16  loss(tr/va/te)=0.0247/0.0375/0.0372  qwk(tr/va/te)=0.8051/0.6543/0.7154  acc(tr/va/te)=0.6787/0.5674/0.6461
    epoch 17  loss(tr/va/te)=0.0233/0.0377/0.0334  qwk(tr/va/te)=0.8087/0.6499/0.7338  acc(tr/va/te)=0.6691/0.5730/0.6629
    epoch 18  loss(tr/va/te)=0.0239/0.0376/0.0370  qwk(tr/va/te)=0.8080/0.6485/0.7057  acc(tr/va/te)=0.6643/0.5618/0.6517
    early-stop at epoch 18 (best epoch=14, best_qwk=0.6780)
  [raw_ra_bilstm                 ] train_qwk=0.7917 -> test_qwk=0.7290  acc5=0.6629  raw_w1=0.6910  epoch=14  (26.1s)
    epoch  1  loss(tr/va/te)=0.0842/0.0750/0.0756  qwk(tr/va/te)=0.0000/0.0000/0.0000  acc(tr/va/te)=0.1606/0.1629/0.1629
    epoch  2  loss(tr/va/te)=0.0689/0.0610/0.0591  qwk(tr/va/te)=0.3458/0.4020/0.3550  acc(tr/va/te)=0.2512/0.2921/0.2697
    epoch  3  loss(tr/va/te)=0.0588/0.0629/0.0624  qwk(tr/va/te)=0.3970/0.3304/0.3926  acc(tr/va/te)=0.4312/0.3876/0.4663
    epoch  4  loss(tr/va/te)=0.0568/0.0552/0.0532  qwk(tr/va/te)=0.4425/0.4380/0.4361  acc(tr/va/te)=0.4034/0.3764/0.4551
    epoch  5  loss(tr/va/te)=0.0496/0.0503/0.0465  qwk(tr/va/te)=0.5190/0.5422/0.5459  acc(tr/va/te)=0.4227/0.4270/0.5449
    epoch  6  loss(tr/va/te)=0.0458/0.0529/0.0468  qwk(tr/va/te)=0.6019/0.5347/0.6266  acc(tr/va/te)=0.4771/0.4382/0.5618
    epoch  7  loss(tr/va/te)=0.0442/0.0483/0.0424  qwk(tr/va/te)=0.6043/0.5319/0.6183  acc(tr/va/te)=0.4662/0.4438/0.5393
    epoch  8  loss(tr/va/te)=0.0407/0.0484/0.0420  qwk(tr/va/te)=0.6607/0.5709/0.6641  acc(tr/va/te)=0.5314/0.4888/0.6292
    epoch  9  loss(tr/va/te)=0.0371/0.0505/0.0460  qwk(tr/va/te)=0.6831/0.5932/0.6582  acc(tr/va/te)=0.5423/0.4944/0.5674
    epoch 10  loss(tr/va/te)=0.0374/0.0482/0.0435  qwk(tr/va/te)=0.6442/0.5607/0.5823  acc(tr/va/te)=0.4928/0.4775/0.5562
    epoch 11  loss(tr/va/te)=0.0344/0.0448/0.0416  qwk(tr/va/te)=0.7220/0.6292/0.6625  acc(tr/va/te)=0.5845/0.5674/0.6124
    epoch 12  loss(tr/va/te)=0.0327/0.0462/0.0390  qwk(tr/va/te)=0.7371/0.5974/0.6933  acc(tr/va/te)=0.5918/0.5393/0.5955
    epoch 13  loss(tr/va/te)=0.0310/0.0447/0.0385  qwk(tr/va/te)=0.7629/0.6439/0.7020  acc(tr/va/te)=0.6063/0.6180/0.6292
    epoch 14  loss(tr/va/te)=0.0292/0.0462/0.0373  qwk(tr/va/te)=0.7406/0.6019/0.6926  acc(tr/va/te)=0.6051/0.5449/0.5787
    epoch 15  loss(tr/va/te)=0.0293/0.0441/0.0397  qwk(tr/va/te)=0.7701/0.6308/0.7067  acc(tr/va/te)=0.5978/0.5730/0.6348
    epoch 16  loss(tr/va/te)=0.0288/0.0456/0.0384  qwk(tr/va/te)=0.7670/0.6200/0.7012  acc(tr/va/te)=0.6171/0.5393/0.6236
    epoch 17  loss(tr/va/te)=0.0281/0.0436/0.0397  qwk(tr/va/te)=0.7746/0.6645/0.6804  acc(tr/va/te)=0.6147/0.6011/0.5955
    epoch 18  loss(tr/va/te)=0.0281/0.0430/0.0365  qwk(tr/va/te)=0.7887/0.6631/0.7254  acc(tr/va/te)=0.6558/0.6067/0.6461
    epoch 19  loss(tr/va/te)=0.0264/0.0404/0.0350  qwk(tr/va/te)=0.7835/0.6744/0.6686  acc(tr/va/te)=0.6220/0.5843/0.5899
    epoch 20  loss(tr/va/te)=0.0237/0.0472/0.0386  qwk(tr/va/te)=0.7993/0.6252/0.6826  acc(tr/va/te)=0.6280/0.5225/0.5899
  [raw_qar_bilstm                ] train_qwk=0.7835 -> test_qwk=0.6686  acc5=0.5899  raw_w1=0.6742  epoch=19  (26.7s)
    epoch  1  loss(tr/va/te)=0.0898/0.0843/0.0853  qwk(tr/va/te)=0.2589/0.2540/0.2276  acc(tr/va/te)=0.1691/0.1854/0.1910
    epoch  2  loss(tr/va/te)=0.0736/0.0691/0.0670  qwk(tr/va/te)=0.0000/0.0000/0.0000  acc(tr/va/te)=0.1606/0.1629/0.1629
    epoch  3  loss(tr/va/te)=0.0606/0.0582/0.0510  qwk(tr/va/te)=0.4629/0.4564/0.5499  acc(tr/va/te)=0.3756/0.3820/0.4719
    epoch  4  loss(tr/va/te)=0.0561/0.0540/0.0472  qwk(tr/va/te)=0.4948/0.4523/0.5694  acc(tr/va/te)=0.4130/0.4045/0.4944
    epoch  5  loss(tr/va/te)=0.0490/0.0495/0.0455  qwk(tr/va/te)=0.5214/0.5097/0.5062  acc(tr/va/te)=0.4348/0.4101/0.5393
    epoch  6  loss(tr/va/te)=0.0439/0.0529/0.0491  qwk(tr/va/te)=0.5372/0.4774/0.5132  acc(tr/va/te)=0.4444/0.3933/0.4831
    epoch  7  loss(tr/va/te)=0.0430/0.0483/0.0436  qwk(tr/va/te)=0.5889/0.5382/0.5620  acc(tr/va/te)=0.4746/0.4551/0.5449
    epoch  8  loss(tr/va/te)=0.0372/0.0464/0.0421  qwk(tr/va/te)=0.6941/0.6124/0.6506  acc(tr/va/te)=0.5688/0.5056/0.6124
    epoch  9  loss(tr/va/te)=0.0339/0.0437/0.0407  qwk(tr/va/te)=0.6931/0.5784/0.6482  acc(tr/va/te)=0.5374/0.4663/0.6011
    epoch 10  loss(tr/va/te)=0.0322/0.0453/0.0426  qwk(tr/va/te)=0.7109/0.5683/0.6469  acc(tr/va/te)=0.5592/0.4775/0.5843
    epoch 11  loss(tr/va/te)=0.0298/0.0436/0.0394  qwk(tr/va/te)=0.7627/0.5881/0.6825  acc(tr/va/te)=0.6256/0.5112/0.6236
    epoch 12  loss(tr/va/te)=0.0303/0.0435/0.0362  qwk(tr/va/te)=0.7496/0.6013/0.7083  acc(tr/va/te)=0.6075/0.5225/0.5955
    early-stop at epoch 12 (best epoch=8, best_qwk=0.6124)
  [clean_ra_bilstm               ] train_qwk=0.6941 -> test_qwk=0.6506  acc5=0.6124  raw_w1=0.6348  epoch=8  (16.8s)
    epoch  1  loss(tr/va/te)=0.0900/0.0840/0.0852  qwk(tr/va/te)=0.2161/0.2349/0.1940  acc(tr/va/te)=0.1425/0.1461/0.1573
    epoch  2  loss(tr/va/te)=0.0738/0.0690/0.0685  qwk(tr/va/te)=0.0000/0.0000/-0.0098  acc(tr/va/te)=0.1606/0.1629/0.1629
    epoch  3  loss(tr/va/te)=0.0611/0.0613/0.0552  qwk(tr/va/te)=0.4055/0.4335/0.4225  acc(tr/va/te)=0.3285/0.3483/0.3596
    epoch  4  loss(tr/va/te)=0.0577/0.0550/0.0513  qwk(tr/va/te)=0.4669/0.4508/0.4722  acc(tr/va/te)=0.3780/0.3652/0.4494
    epoch  5  loss(tr/va/te)=0.0537/0.0541/0.0528  qwk(tr/va/te)=0.4536/0.4445/0.4805  acc(tr/va/te)=0.4082/0.3764/0.4888
    epoch  6  loss(tr/va/te)=0.0506/0.0539/0.0522  qwk(tr/va/te)=0.4739/0.4612/0.4619  acc(tr/va/te)=0.4179/0.3989/0.4775
    epoch  7  loss(tr/va/te)=0.0493/0.0536/0.0512  qwk(tr/va/te)=0.4758/0.4470/0.4723  acc(tr/va/te)=0.4106/0.3933/0.4888
    epoch  8  loss(tr/va/te)=0.0446/0.0475/0.0431  qwk(tr/va/te)=0.6118/0.5752/0.6563  acc(tr/va/te)=0.4698/0.4438/0.5618
    epoch  9  loss(tr/va/te)=0.0414/0.0466/0.0431  qwk(tr/va/te)=0.6226/0.5951/0.6077  acc(tr/va/te)=0.4928/0.4831/0.6124
    epoch 10  loss(tr/va/te)=0.0381/0.0465/0.0414  qwk(tr/va/te)=0.6499/0.5642/0.6631  acc(tr/va/te)=0.5000/0.4888/0.6124
    epoch 11  loss(tr/va/te)=0.0357/0.0457/0.0404  qwk(tr/va/te)=0.7018/0.6115/0.6412  acc(tr/va/te)=0.5640/0.5449/0.5730
    epoch 12  loss(tr/va/te)=0.0336/0.0486/0.0398  qwk(tr/va/te)=0.7190/0.6123/0.7221  acc(tr/va/te)=0.5821/0.5225/0.6180
    epoch 13  loss(tr/va/te)=0.0329/0.0430/0.0373  qwk(tr/va/te)=0.7121/0.6297/0.6543  acc(tr/va/te)=0.5423/0.5281/0.5955
    epoch 14  loss(tr/va/te)=0.0311/0.0418/0.0363  qwk(tr/va/te)=0.7517/0.6483/0.6905  acc(tr/va/te)=0.6027/0.5955/0.6180
    epoch 15  loss(tr/va/te)=0.0294/0.0429/0.0355  qwk(tr/va/te)=0.7524/0.6258/0.6557  acc(tr/va/te)=0.6087/0.5843/0.6011
    epoch 16  loss(tr/va/te)=0.0280/0.0405/0.0341  qwk(tr/va/te)=0.7773/0.6735/0.7315  acc(tr/va/te)=0.6159/0.5562/0.6348
    epoch 17  loss(tr/va/te)=0.0250/0.0401/0.0308  qwk(tr/va/te)=0.7931/0.6476/0.7414  acc(tr/va/te)=0.6353/0.5787/0.6292
    epoch 18  loss(tr/va/te)=0.0252/0.0409/0.0309  qwk(tr/va/te)=0.8003/0.6466/0.7495  acc(tr/va/te)=0.6534/0.5787/0.6517
    epoch 19  loss(tr/va/te)=0.0236/0.0407/0.0296  qwk(tr/va/te)=0.8156/0.6872/0.7779  acc(tr/va/te)=0.6594/0.6124/0.6573
    epoch 20  loss(tr/va/te)=0.0234/0.0418/0.0301  qwk(tr/va/te)=0.8063/0.6405/0.7786  acc(tr/va/te)=0.6667/0.6124/0.6966
  [clean_qar_bilstm              ] train_qwk=0.8156 -> test_qwk=0.7779  acc5=0.6573  raw_w1=0.6798  epoch=19  (27.7s)
| 2026-06-11 09:45:50,861 | [1;32mINFO[0m | khmer-nltk | Loaded model from /home/norak/R&I/Explainable-AI-for-Automated-Grading-of-Khmer-Language-Short-Answer-Questions-in-Education/.venv/lib/python3.12/site-packages/khmernltk/word_tokenize/sklearn_crf_ner_10000.sav |
    epoch  1  loss(tr/va/te)=0.0898/0.0853/0.0866  qwk(tr/va/te)=0.2048/0.2377/0.2076  acc(tr/va/te)=0.1667/0.2191/0.1685
    epoch  2  loss(tr/va/te)=0.0752/0.0730/0.0727  qwk(tr/va/te)=0.0000/0.0000/0.0000  acc(tr/va/te)=0.1606/0.1629/0.1629
    epoch  3  loss(tr/va/te)=0.0692/0.0690/0.0666  qwk(tr/va/te)=0.2668/0.2571/0.3396  acc(tr/va/te)=0.3454/0.3315/0.3933
    epoch  4  loss(tr/va/te)=0.0592/0.0547/0.0506  qwk(tr/va/te)=0.4623/0.4212/0.5081  acc(tr/va/te)=0.3599/0.3483/0.4494
    epoch  5  loss(tr/va/te)=0.0490/0.0510/0.0444  qwk(tr/va/te)=0.5465/0.5202/0.5505  acc(tr/va/te)=0.4432/0.4719/0.5337
    epoch  6  loss(tr/va/te)=0.0413/0.0517/0.0456  qwk(tr/va/te)=0.5952/0.5206/0.5748  acc(tr/va/te)=0.4915/0.4494/0.5843
    epoch  7  loss(tr/va/te)=0.0391/0.0516/0.0467  qwk(tr/va/te)=0.6106/0.5127/0.5591  acc(tr/va/te)=0.4879/0.4326/0.5730
    epoch  8  loss(tr/va/te)=0.0391/0.0483/0.0392  qwk(tr/va/te)=0.6890/0.5783/0.6627  acc(tr/va/te)=0.5399/0.4775/0.6236
    epoch  9  loss(tr/va/te)=0.0362/0.0497/0.0461  qwk(tr/va/te)=0.6531/0.5360/0.5954  acc(tr/va/te)=0.5085/0.4551/0.5899
    epoch 10  loss(tr/va/te)=0.0332/0.0449/0.0388  qwk(tr/va/te)=0.7295/0.6204/0.6906  acc(tr/va/te)=0.5978/0.5506/0.6348
    epoch 11  loss(tr/va/te)=0.0305/0.0453/0.0384  qwk(tr/va/te)=0.7496/0.6313/0.7087  acc(tr/va/te)=0.6123/0.5337/0.6517
    epoch 12  loss(tr/va/te)=0.0284/0.0467/0.0357  qwk(tr/va/te)=0.7494/0.6439/0.7225  acc(tr/va/te)=0.6002/0.5393/0.5955
    epoch 13  loss(tr/va/te)=0.0286/0.0444/0.0375  qwk(tr/va/te)=0.7584/0.6028/0.7020  acc(tr/va/te)=0.6063/0.5281/0.6685
    epoch 14  loss(tr/va/te)=0.0278/0.0428/0.0360  qwk(tr/va/te)=0.7712/0.5972/0.7297  acc(tr/va/te)=0.6304/0.5506/0.6629
    epoch 15  loss(tr/va/te)=0.0261/0.0458/0.0413  qwk(tr/va/te)=0.7643/0.6015/0.6615  acc(tr/va/te)=0.6135/0.5337/0.6461
    epoch 16  loss(tr/va/te)=0.0257/0.0433/0.0364  qwk(tr/va/te)=0.7919/0.6308/0.7260  acc(tr/va/te)=0.6510/0.5899/0.6742
    early-stop at epoch 16 (best epoch=12, best_qwk=0.6439)
  [segment_ra_bilstm             ] train_qwk=0.7494 -> test_qwk=0.7225  acc5=0.5955  raw_w1=0.6517  epoch=12  (34.9s)
    epoch  1  loss(tr/va/te)=0.0900/0.0853/0.0870  qwk(tr/va/te)=0.2216/0.2106/0.1913  acc(tr/va/te)=0.1594/0.1573/0.1517
    epoch  2  loss(tr/va/te)=0.0758/0.0736/0.0744  qwk(tr/va/te)=0.0000/0.0000/0.0000  acc(tr/va/te)=0.1606/0.1629/0.1629
    epoch  3  loss(tr/va/te)=0.0714/0.0750/0.0754  qwk(tr/va/te)=0.2467/0.2370/0.3062  acc(tr/va/te)=0.3430/0.3427/0.3876
    epoch  4  loss(tr/va/te)=0.0634/0.0598/0.0601  qwk(tr/va/te)=0.3310/0.3147/0.3531  acc(tr/va/te)=0.2874/0.2753/0.3315
    epoch  5  loss(tr/va/te)=0.0558/0.0534/0.0526  qwk(tr/va/te)=0.4505/0.4707/0.4456  acc(tr/va/te)=0.3756/0.3876/0.4494
    epoch  6  loss(tr/va/te)=0.0515/0.0531/0.0497  qwk(tr/va/te)=0.4984/0.4983/0.4897  acc(tr/va/te)=0.3986/0.3989/0.4607
    epoch  7  loss(tr/va/te)=0.0508/0.0522/0.0496  qwk(tr/va/te)=0.4748/0.4615/0.4602  acc(tr/va/te)=0.3816/0.3764/0.4157
    epoch  8  loss(tr/va/te)=0.0511/0.0548/0.0479  qwk(tr/va/te)=0.5270/0.4757/0.5528  acc(tr/va/te)=0.3949/0.3933/0.4663
    epoch  9  loss(tr/va/te)=0.0492/0.0518/0.0487  qwk(tr/va/te)=0.5090/0.4768/0.4963  acc(tr/va/te)=0.4324/0.4045/0.4944
    epoch 10  loss(tr/va/te)=0.0460/0.0506/0.0458  qwk(tr/va/te)=0.5262/0.4971/0.5151  acc(tr/va/te)=0.4408/0.4213/0.5000
    early-stop at epoch 10 (best epoch=6, best_qwk=0.4983)
  [segment_qar_bilstm            ] train_qwk=0.4984 -> test_qwk=0.4897  acc5=0.4607  raw_w1=0.5506  epoch=6  (26.8s)

========== exp05 BiLSTM  909 (no 10C biology)  resume=True  ->  /home/norak/R&I/Explainable-AI-for-Automated-Grading-of-Khmer-Language-Short-Answer-Questions-in-Education/results_no10c_v05_bilstm ==========
  rows=909 train=636 val=136 test=137
    epoch  1  loss(tr/va/te)=0.1025/0.0872/0.0822  qwk(tr/va/te)=0.0000/0.0000/0.0000  acc(tr/va/te)=0.1336/0.1324/0.1314
    epoch  2  loss(tr/va/te)=0.0826/0.0887/0.0847  qwk(tr/va/te)=0.2814/0.3237/0.2932  acc(tr/va/te)=0.3805/0.4191/0.3869
    epoch  3  loss(tr/va/te)=0.0780/0.0641/0.0649  qwk(tr/va/te)=0.3575/0.4244/0.3583  acc(tr/va/te)=0.1792/0.1985/0.1533
    epoch  4  loss(tr/va/te)=0.0617/0.0546/0.0587  qwk(tr/va/te)=0.4261/0.4859/0.4255  acc(tr/va/te)=0.2925/0.3088/0.2701
    epoch  5  loss(tr/va/te)=0.0562/0.0468/0.0559  qwk(tr/va/te)=0.4989/0.5816/0.4359  acc(tr/va/te)=0.4811/0.5368/0.4526
    epoch  6  loss(tr/va/te)=0.0496/0.0393/0.0482  qwk(tr/va/te)=0.5927/0.6167/0.5555  acc(tr/va/te)=0.4497/0.5221/0.4307
    epoch  7  loss(tr/va/te)=0.0449/0.0320/0.0437  qwk(tr/va/te)=0.6612/0.7302/0.6473  acc(tr/va/te)=0.5314/0.5956/0.5620
    epoch  8  loss(tr/va/te)=0.0396/0.0307/0.0408  qwk(tr/va/te)=0.7072/0.7789/0.6596  acc(tr/va/te)=0.5943/0.6397/0.5766
    epoch  9  loss(tr/va/te)=0.0361/0.0308/0.0443  qwk(tr/va/te)=0.7318/0.7731/0.6696  acc(tr/va/te)=0.6053/0.6471/0.6058
    epoch 10  loss(tr/va/te)=0.0306/0.0275/0.0427  qwk(tr/va/te)=0.7745/0.8053/0.6643  acc(tr/va/te)=0.6274/0.6691/0.5839
    epoch 11  loss(tr/va/te)=0.0306/0.0269/0.0395  qwk(tr/va/te)=0.7742/0.7988/0.7169  acc(tr/va/te)=0.6305/0.6618/0.6277
    epoch 12  loss(tr/va/te)=0.0280/0.0275/0.0428  qwk(tr/va/te)=0.7732/0.7820/0.6755  acc(tr/va/te)=0.6274/0.6250/0.5693
    epoch 13  loss(tr/va/te)=0.0236/0.0223/0.0377  qwk(tr/va/te)=0.8196/0.8251/0.6769  acc(tr/va/te)=0.6824/0.6838/0.5985
    epoch 14  loss(tr/va/te)=0.0212/0.0197/0.0346  qwk(tr/va/te)=0.8461/0.8488/0.7405  acc(tr/va/te)=0.7044/0.6912/0.6496
    epoch 15  loss(tr/va/te)=0.0200/0.0198/0.0344  qwk(tr/va/te)=0.8797/0.8474/0.7434  acc(tr/va/te)=0.7610/0.6838/0.6861
    epoch 16  loss(tr/va/te)=0.0199/0.0178/0.0316  qwk(tr/va/te)=0.8592/0.8625/0.7379  acc(tr/va/te)=0.7358/0.7206/0.6642
    epoch 17  loss(tr/va/te)=0.0182/0.0197/0.0325  qwk(tr/va/te)=0.8752/0.8473/0.7411  acc(tr/va/te)=0.7579/0.7279/0.6642
    epoch 18  loss(tr/va/te)=0.0166/0.0165/0.0336  qwk(tr/va/te)=0.8640/0.8530/0.7304  acc(tr/va/te)=0.7296/0.6985/0.6569
    epoch 19  loss(tr/va/te)=0.0169/0.0183/0.0334  qwk(tr/va/te)=0.8792/0.8567/0.7281  acc(tr/va/te)=0.7390/0.6912/0.6204
    epoch 20  loss(tr/va/te)=0.0147/0.0176/0.0322  qwk(tr/va/te)=0.8937/0.8638/0.7330  acc(tr/va/te)=0.7830/0.7206/0.6642
  [raw_ra_bilstm                 ] train_qwk=0.8937 -> test_qwk=0.7330  acc5=0.6642  raw_w1=0.7080  epoch=20  (20.8s)
    epoch  1  loss(tr/va/te)=0.1058/0.0878/0.0829  qwk(tr/va/te)=0.0000/0.0000/0.0000  acc(tr/va/te)=0.1336/0.1324/0.1314
    epoch  2  loss(tr/va/te)=0.0824/0.0794/0.0757  qwk(tr/va/te)=0.0879/0.1072/0.0858  acc(tr/va/te)=0.2075/0.2279/0.2044
    epoch  3  loss(tr/va/te)=0.0682/0.0538/0.0577  qwk(tr/va/te)=0.4785/0.5646/0.5433  acc(tr/va/te)=0.3884/0.4412/0.4015
    epoch  4  loss(tr/va/te)=0.0582/0.0498/0.0589  qwk(tr/va/te)=0.5327/0.6011/0.5223  acc(tr/va/te)=0.4308/0.4706/0.4088
    epoch  5  loss(tr/va/te)=0.0537/0.0479/0.0550  qwk(tr/va/te)=0.4673/0.4984/0.4267  acc(tr/va/te)=0.3239/0.3676/0.2993
    epoch  6  loss(tr/va/te)=0.0524/0.0473/0.0545  qwk(tr/va/te)=0.4698/0.4802/0.4342  acc(tr/va/te)=0.3192/0.3309/0.2847
    epoch  7  loss(tr/va/te)=0.0497/0.0396/0.0485  qwk(tr/va/te)=0.6012/0.6603/0.5533  acc(tr/va/te)=0.4984/0.5441/0.4745
    epoch  8  loss(tr/va/te)=0.0469/0.0375/0.0471  qwk(tr/va/te)=0.6579/0.7040/0.5989  acc(tr/va/te)=0.5157/0.5662/0.4891
    epoch  9  loss(tr/va/te)=0.0417/0.0346/0.0481  qwk(tr/va/te)=0.6773/0.7314/0.6285  acc(tr/va/te)=0.5409/0.6250/0.5255
    epoch 10  loss(tr/va/te)=0.0421/0.0386/0.0475  qwk(tr/va/te)=0.7141/0.7357/0.6677  acc(tr/va/te)=0.5597/0.5809/0.5693
    epoch 11  loss(tr/va/te)=0.0407/0.0337/0.0472  qwk(tr/va/te)=0.7319/0.7386/0.6384  acc(tr/va/te)=0.5597/0.5735/0.5547
    epoch 12  loss(tr/va/te)=0.0376/0.0320/0.0443  qwk(tr/va/te)=0.7457/0.7791/0.6428  acc(tr/va/te)=0.6242/0.6691/0.5912
    epoch 13  loss(tr/va/te)=0.0335/0.0322/0.0459  qwk(tr/va/te)=0.7377/0.7787/0.6139  acc(tr/va/te)=0.6038/0.6691/0.5693
    epoch 14  loss(tr/va/te)=0.0323/0.0306/0.0439  qwk(tr/va/te)=0.7671/0.7805/0.6626  acc(tr/va/te)=0.6336/0.6471/0.6423
    epoch 15  loss(tr/va/te)=0.0318/0.0332/0.0460  qwk(tr/va/te)=0.7725/0.7640/0.6486  acc(tr/va/te)=0.6462/0.6544/0.6569
    epoch 16  loss(tr/va/te)=0.0293/0.0282/0.0390  qwk(tr/va/te)=0.7907/0.7842/0.6702  acc(tr/va/te)=0.6415/0.6324/0.6423
    epoch 17  loss(tr/va/te)=0.0271/0.0346/0.0470  qwk(tr/va/te)=0.7791/0.7441/0.6505  acc(tr/va/te)=0.6415/0.6471/0.6131
    epoch 18  loss(tr/va/te)=0.0269/0.0283/0.0352  qwk(tr/va/te)=0.8078/0.7760/0.7129  acc(tr/va/te)=0.6557/0.6544/0.6569
    epoch 19  loss(tr/va/te)=0.0249/0.0282/0.0372  qwk(tr/va/te)=0.8395/0.7907/0.7264  acc(tr/va/te)=0.6887/0.6324/0.5985
    epoch 20  loss(tr/va/te)=0.0244/0.0277/0.0341  qwk(tr/va/te)=0.8405/0.7947/0.7338  acc(tr/va/te)=0.7123/0.6618/0.6788
  [raw_qar_bilstm                ] train_qwk=0.8405 -> test_qwk=0.7338  acc5=0.6788  raw_w1=0.7153  epoch=20  (20.6s)
    epoch  1  loss(tr/va/te)=0.1012/0.0848/0.0800  qwk(tr/va/te)=0.0000/0.0000/0.0000  acc(tr/va/te)=0.1336/0.1324/0.1314
    epoch  2  loss(tr/va/te)=0.0816/0.0746/0.0719  qwk(tr/va/te)=0.0000/0.0000/0.0000  acc(tr/va/te)=0.1336/0.1324/0.1314
    epoch  3  loss(tr/va/te)=0.0640/0.0463/0.0526  qwk(tr/va/te)=0.5547/0.6355/0.5653  acc(tr/va/te)=0.4355/0.5000/0.4453
    epoch  4  loss(tr/va/te)=0.0539/0.0403/0.0544  qwk(tr/va/te)=0.5515/0.6280/0.4803  acc(tr/va/te)=0.5031/0.5882/0.4672
    epoch  5  loss(tr/va/te)=0.0493/0.0419/0.0483  qwk(tr/va/te)=0.5849/0.6506/0.5756  acc(tr/va/te)=0.4481/0.5441/0.4088
    epoch  6  loss(tr/va/te)=0.0469/0.0376/0.0476  qwk(tr/va/te)=0.6346/0.6395/0.5671  acc(tr/va/te)=0.5204/0.5294/0.4891
    epoch  7  loss(tr/va/te)=0.0413/0.0308/0.0413  qwk(tr/va/te)=0.6878/0.7299/0.6732  acc(tr/va/te)=0.4953/0.5662/0.5182
    epoch  8  loss(tr/va/te)=0.0337/0.0268/0.0396  qwk(tr/va/te)=0.7494/0.8152/0.6670  acc(tr/va/te)=0.5991/0.6397/0.5839
    epoch  9  loss(tr/va/te)=0.0304/0.0279/0.0431  qwk(tr/va/te)=0.7682/0.8223/0.6918  acc(tr/va/te)=0.6069/0.6618/0.5693
    epoch 10  loss(tr/va/te)=0.0278/0.0275/0.0446  qwk(tr/va/te)=0.8189/0.8264/0.6662  acc(tr/va/te)=0.6824/0.6765/0.6277
    epoch 11  loss(tr/va/te)=0.0248/0.0245/0.0411  qwk(tr/va/te)=0.8305/0.8206/0.6866  acc(tr/va/te)=0.7075/0.6838/0.6715
    epoch 12  loss(tr/va/te)=0.0232/0.0262/0.0441  qwk(tr/va/te)=0.8448/0.8175/0.6640  acc(tr/va/te)=0.7201/0.6618/0.6496
    epoch 13  loss(tr/va/te)=0.0200/0.0253/0.0409  qwk(tr/va/te)=0.8502/0.8206/0.6762  acc(tr/va/te)=0.7233/0.6691/0.6423
    epoch 14  loss(tr/va/te)=0.0191/0.0296/0.0460  qwk(tr/va/te)=0.8532/0.7779/0.6385  acc(tr/va/te)=0.7107/0.6029/0.5912
    early-stop at epoch 14 (best epoch=10, best_qwk=0.8264)
  [clean_ra_bilstm               ] train_qwk=0.8189 -> test_qwk=0.6662  acc5=0.6277  raw_w1=0.6131  epoch=10  (15.4s)
    epoch  1  loss(tr/va/te)=0.1011/0.0858/0.0808  qwk(tr/va/te)=0.0000/0.0000/0.0000  acc(tr/va/te)=0.1336/0.1324/0.1314
    epoch  2  loss(tr/va/te)=0.0832/0.0786/0.0748  qwk(tr/va/te)=0.0000/0.0000/0.0000  acc(tr/va/te)=0.1336/0.1324/0.1314
    epoch  3  loss(tr/va/te)=0.0679/0.0501/0.0563  qwk(tr/va/te)=0.5193/0.5683/0.4753  acc(tr/va/te)=0.4088/0.4559/0.3577
    epoch  4  loss(tr/va/te)=0.0568/0.0457/0.0564  qwk(tr/va/te)=0.5489/0.6372/0.5249  acc(tr/va/te)=0.4686/0.5662/0.4599
    epoch  5  loss(tr/va/te)=0.0548/0.0485/0.0542  qwk(tr/va/te)=0.5243/0.5511/0.4699  acc(tr/va/te)=0.3868/0.4044/0.2993
    epoch  6  loss(tr/va/te)=0.0532/0.0435/0.0508  qwk(tr/va/te)=0.5582/0.6167/0.4966  acc(tr/va/te)=0.4434/0.5000/0.4088
    epoch  7  loss(tr/va/te)=0.0494/0.0462/0.0539  qwk(tr/va/te)=0.5611/0.5698/0.4674  acc(tr/va/te)=0.3962/0.3971/0.3212
    epoch  8  loss(tr/va/te)=0.0458/0.0475/0.0559  qwk(tr/va/te)=0.5686/0.6017/0.5224  acc(tr/va/te)=0.3994/0.3750/0.3723
    early-stop at epoch 8 (best epoch=4, best_qwk=0.6372)
  [clean_qar_bilstm              ] train_qwk=0.5489 -> test_qwk=0.5249  acc5=0.4599  raw_w1=0.4453  epoch=4  (9.5s)
    epoch  1  loss(tr/va/te)=0.0996/0.0866/0.0816  qwk(tr/va/te)=0.0000/0.0000/0.0000  acc(tr/va/te)=0.1336/0.1324/0.1314
    epoch  2  loss(tr/va/te)=0.0842/0.0813/0.0770  qwk(tr/va/te)=0.0000/0.0000/0.0000  acc(tr/va/te)=0.1336/0.1324/0.1314
    epoch  3  loss(tr/va/te)=0.0725/0.0569/0.0577  qwk(tr/va/te)=0.3697/0.4460/0.3628  acc(tr/va/te)=0.2610/0.3015/0.1679
    epoch  4  loss(tr/va/te)=0.0578/0.0419/0.0490  qwk(tr/va/te)=0.5460/0.6512/0.5427  acc(tr/va/te)=0.5047/0.5662/0.4745
    epoch  5  loss(tr/va/te)=0.0536/0.0490/0.0501  qwk(tr/va/te)=0.5561/0.6035/0.5504  acc(tr/va/te)=0.4591/0.4779/0.4526
    epoch  6  loss(tr/va/te)=0.0497/0.0397/0.0401  qwk(tr/va/te)=0.6144/0.6837/0.6541  acc(tr/va/te)=0.4827/0.5294/0.4891
    epoch  7  loss(tr/va/te)=0.0458/0.0471/0.0472  qwk(tr/va/te)=0.6203/0.6409/0.6398  acc(tr/va/te)=0.4953/0.5294/0.5109
    epoch  8  loss(tr/va/te)=0.0446/0.0381/0.0420  qwk(tr/va/te)=0.6910/0.7375/0.6696  acc(tr/va/te)=0.5440/0.5882/0.5547
    epoch  9  loss(tr/va/te)=0.0440/0.0348/0.0380  qwk(tr/va/te)=0.6928/0.7117/0.6793  acc(tr/va/te)=0.5802/0.5441/0.5328
    epoch 10  loss(tr/va/te)=0.0373/0.0328/0.0396  qwk(tr/va/te)=0.7145/0.7332/0.6901  acc(tr/va/te)=0.6116/0.5882/0.5620
    epoch 11  loss(tr/va/te)=0.0324/0.0268/0.0370  qwk(tr/va/te)=0.7734/0.7845/0.7488  acc(tr/va/te)=0.6588/0.6397/0.6204
    epoch 12  loss(tr/va/te)=0.0296/0.0259/0.0359  qwk(tr/va/te)=0.8083/0.8075/0.7459  acc(tr/va/te)=0.6840/0.6985/0.6642
    epoch 13  loss(tr/va/te)=0.0261/0.0258/0.0344  qwk(tr/va/te)=0.8174/0.7973/0.7461  acc(tr/va/te)=0.6824/0.6176/0.6642
    epoch 14  loss(tr/va/te)=0.0254/0.0229/0.0338  qwk(tr/va/te)=0.8412/0.8043/0.7375  acc(tr/va/te)=0.7013/0.6029/0.6131
    epoch 15  loss(tr/va/te)=0.0229/0.0220/0.0303  qwk(tr/va/te)=0.8430/0.8159/0.7495  acc(tr/va/te)=0.6981/0.6397/0.6058
    epoch 16  loss(tr/va/te)=0.0220/0.0221/0.0310  qwk(tr/va/te)=0.8513/0.8197/0.7668  acc(tr/va/te)=0.7075/0.6176/0.6277
    epoch 17  loss(tr/va/te)=0.0179/0.0194/0.0325  qwk(tr/va/te)=0.8859/0.8694/0.7762  acc(tr/va/te)=0.7657/0.7059/0.6715
    epoch 18  loss(tr/va/te)=0.0175/0.0225/0.0289  qwk(tr/va/te)=0.8793/0.8302/0.7630  acc(tr/va/te)=0.7563/0.6324/0.6496
    epoch 19  loss(tr/va/te)=0.0151/0.0211/0.0307  qwk(tr/va/te)=0.9028/0.8492/0.7702  acc(tr/va/te)=0.7987/0.6985/0.6715
    epoch 20  loss(tr/va/te)=0.0129/0.0260/0.0328  qwk(tr/va/te)=0.8721/0.8110/0.7507  acc(tr/va/te)=0.7437/0.6691/0.6715
  [segment_ra_bilstm             ] train_qwk=0.8859 -> test_qwk=0.7762  acc5=0.6715  raw_w1=0.6934  epoch=17  (31.7s)
    epoch  1  loss(tr/va/te)=0.0996/0.0874/0.0822  qwk(tr/va/te)=0.0000/0.0000/0.0000  acc(tr/va/te)=0.1336/0.1324/0.1314
    epoch  2  loss(tr/va/te)=0.0852/0.0833/0.0783  qwk(tr/va/te)=0.0000/0.0000/0.0000  acc(tr/va/te)=0.1336/0.1324/0.1314
    epoch  3  loss(tr/va/te)=0.0740/0.0577/0.0608  qwk(tr/va/te)=0.3890/0.4314/0.3954  acc(tr/va/te)=0.2233/0.2721/0.1898
    epoch  4  loss(tr/va/te)=0.0581/0.0465/0.0568  qwk(tr/va/te)=0.5301/0.6486/0.5377  acc(tr/va/te)=0.4591/0.5441/0.4453
    epoch  5  loss(tr/va/te)=0.0558/0.0450/0.0523  qwk(tr/va/te)=0.5459/0.6074/0.5202  acc(tr/va/te)=0.4340/0.5074/0.4307
    epoch  6  loss(tr/va/te)=0.0548/0.0517/0.0563  qwk(tr/va/te)=0.4735/0.5413/0.4863  acc(tr/va/te)=0.4135/0.4926/0.4307
    epoch  7  loss(tr/va/te)=0.0531/0.0408/0.0505  qwk(tr/va/te)=0.5493/0.6433/0.5134  acc(tr/va/te)=0.4245/0.5221/0.4307
    epoch  8  loss(tr/va/te)=0.0488/0.0382/0.0500  qwk(tr/va/te)=0.5952/0.6963/0.5905  acc(tr/va/te)=0.4670/0.5735/0.4891
    epoch  9  loss(tr/va/te)=0.0467/0.0376/0.0501  qwk(tr/va/te)=0.6028/0.6981/0.6132  acc(tr/va/te)=0.4544/0.5441/0.5255
    epoch 10  loss(tr/va/te)=0.0441/0.0328/0.0453  qwk(tr/va/te)=0.6656/0.7374/0.6127  acc(tr/va/te)=0.5377/0.5956/0.5328
    epoch 11  loss(tr/va/te)=0.0457/0.0406/0.0579  qwk(tr/va/te)=0.6464/0.7188/0.6462  acc(tr/va/te)=0.4623/0.5588/0.5109
    epoch 12  loss(tr/va/te)=0.0431/0.0318/0.0427  qwk(tr/va/te)=0.6673/0.7387/0.6121  acc(tr/va/te)=0.5472/0.6029/0.5401
    epoch 13  loss(tr/va/te)=0.0406/0.0328/0.0432  qwk(tr/va/te)=0.6913/0.7337/0.6304  acc(tr/va/te)=0.6132/0.6324/0.5839
    epoch 14  loss(tr/va/te)=0.0364/0.0312/0.0422  qwk(tr/va/te)=0.7207/0.7361/0.6067  acc(tr/va/te)=0.5865/0.6250/0.5474
    epoch 15  loss(tr/va/te)=0.0330/0.0305/0.0444  qwk(tr/va/te)=0.7661/0.7929/0.6617  acc(tr/va/te)=0.6368/0.6691/0.6350
    epoch 16  loss(tr/va/te)=0.0338/0.0307/0.0464  qwk(tr/va/te)=0.7660/0.7829/0.6071  acc(tr/va/te)=0.6462/0.6397/0.6131
    epoch 17  loss(tr/va/te)=0.0318/0.0291/0.0444  qwk(tr/va/te)=0.7860/0.7764/0.6212  acc(tr/va/te)=0.6509/0.6618/0.5985
    epoch 18  loss(tr/va/te)=0.0261/0.0278/0.0494  qwk(tr/va/te)=0.8221/0.8293/0.6683  acc(tr/va/te)=0.6855/0.6838/0.6277
    epoch 19  loss(tr/va/te)=0.0276/0.0302/0.0461  qwk(tr/va/te)=0.8183/0.7946/0.6449  acc(tr/va/te)=0.6635/0.6471/0.6277
    epoch 20  loss(tr/va/te)=0.0259/0.0391/0.0577  qwk(tr/va/te)=0.7275/0.7253/0.5679  acc(tr/va/te)=0.6132/0.6471/0.5620
  [segment_qar_bilstm            ] train_qwk=0.8221 -> test_qwk=0.6683  acc5=0.6277  raw_w1=0.6350  epoch=18  (32.1s)

========== exp05 BiLSTM  895 (no 10C, drop 0)  resume=True  ->  /home/norak/R&I/Explainable-AI-for-Automated-Grading-of-Khmer-Language-Short-Answer-Questions-in-Education/results_no10c_no0_v05_bilstm ==========
  rows=895 train=626 val=134 test=135
    epoch  1  loss(tr/va/te)=0.0912/0.0770/0.0770  qwk(tr/va/te)=0.0000/0.0000/0.0000  acc(tr/va/te)=0.1358/0.1343/0.1333
    epoch  2  loss(tr/va/te)=0.0726/0.0665/0.0636  qwk(tr/va/te)=0.0000/0.0000/0.0000  acc(tr/va/te)=0.1358/0.1343/0.1333
    epoch  3  loss(tr/va/te)=0.0573/0.0544/0.0472  qwk(tr/va/te)=0.4975/0.4710/0.5942  acc(tr/va/te)=0.4824/0.4478/0.5630
    epoch  4  loss(tr/va/te)=0.0499/0.0522/0.0431  qwk(tr/va/te)=0.5647/0.5282/0.6035  acc(tr/va/te)=0.4888/0.4552/0.5259
    epoch  5  loss(tr/va/te)=0.0476/0.0499/0.0403  qwk(tr/va/te)=0.5962/0.5324/0.6348  acc(tr/va/te)=0.4744/0.4104/0.4963
    epoch  6  loss(tr/va/te)=0.0471/0.0479/0.0395  qwk(tr/va/te)=0.5902/0.5377/0.6294  acc(tr/va/te)=0.4617/0.4179/0.4889
    epoch  7  loss(tr/va/te)=0.0432/0.0479/0.0417  qwk(tr/va/te)=0.5673/0.5298/0.5963  acc(tr/va/te)=0.4904/0.4179/0.5185
    epoch  8  loss(tr/va/te)=0.0407/0.0418/0.0333  qwk(tr/va/te)=0.6229/0.5688/0.6383  acc(tr/va/te)=0.5256/0.4403/0.5407
    epoch  9  loss(tr/va/te)=0.0352/0.0383/0.0262  qwk(tr/va/te)=0.7337/0.6858/0.7774  acc(tr/va/te)=0.6134/0.5522/0.6296
    epoch 10  loss(tr/va/te)=0.0318/0.0360/0.0269  qwk(tr/va/te)=0.7440/0.7001/0.7823  acc(tr/va/te)=0.6022/0.5373/0.6222
    epoch 11  loss(tr/va/te)=0.0283/0.0358/0.0278  qwk(tr/va/te)=0.7632/0.6705/0.7386  acc(tr/va/te)=0.6310/0.5672/0.6296
    epoch 12  loss(tr/va/te)=0.0266/0.0384/0.0267  qwk(tr/va/te)=0.7966/0.7063/0.7730  acc(tr/va/te)=0.6677/0.5672/0.6593
    epoch 13  loss(tr/va/te)=0.0242/0.0391/0.0270  qwk(tr/va/te)=0.8213/0.7023/0.8076  acc(tr/va/te)=0.6837/0.6119/0.6963
    epoch 14  loss(tr/va/te)=0.0225/0.0393/0.0299  qwk(tr/va/te)=0.8019/0.7100/0.7422  acc(tr/va/te)=0.6581/0.6194/0.6370
    epoch 15  loss(tr/va/te)=0.0213/0.0368/0.0254  qwk(tr/va/te)=0.8322/0.7234/0.7685  acc(tr/va/te)=0.6917/0.6119/0.6889
    epoch 16  loss(tr/va/te)=0.0186/0.0371/0.0278  qwk(tr/va/te)=0.8344/0.7261/0.7793  acc(tr/va/te)=0.7045/0.6493/0.7259
    epoch 17  loss(tr/va/te)=0.0171/0.0330/0.0246  qwk(tr/va/te)=0.8731/0.7638/0.7941  acc(tr/va/te)=0.7540/0.6791/0.6963
    epoch 18  loss(tr/va/te)=0.0147/0.0390/0.0296  qwk(tr/va/te)=0.8744/0.7314/0.7412  acc(tr/va/te)=0.7524/0.6791/0.6963
    epoch 19  loss(tr/va/te)=0.0135/0.0416/0.0245  qwk(tr/va/te)=0.9073/0.7572/0.8192  acc(tr/va/te)=0.8003/0.7164/0.7259
    epoch 20  loss(tr/va/te)=0.0143/0.0355/0.0218  qwk(tr/va/te)=0.8910/0.7411/0.7841  acc(tr/va/te)=0.7636/0.6716/0.6963
  [raw_ra_bilstm                 ] train_qwk=0.8731 -> test_qwk=0.7941  acc5=0.6963  raw_w1=0.7185  epoch=17  (20.3s)
    epoch  1  loss(tr/va/te)=0.1016/0.0783/0.0784  qwk(tr/va/te)=0.0000/0.0000/0.0000  acc(tr/va/te)=0.1358/0.1343/0.1333
    epoch  2  loss(tr/va/te)=0.0814/0.0747/0.0741  qwk(tr/va/te)=0.0000/0.0000/0.0000  acc(tr/va/te)=0.1358/0.1343/0.1333
    epoch  3  loss(tr/va/te)=0.0697/0.0678/0.0615  qwk(tr/va/te)=0.3642/0.3409/0.3845  acc(tr/va/te)=0.2045/0.1791/0.1778
    epoch  4  loss(tr/va/te)=0.0558/0.0563/0.0479  qwk(tr/va/te)=0.5507/0.5123/0.5760  acc(tr/va/te)=0.5112/0.4552/0.5556
    epoch  5  loss(tr/va/te)=0.0540/0.0588/0.0472  qwk(tr/va/te)=0.5604/0.5007/0.6236  acc(tr/va/te)=0.4665/0.4254/0.5037
    epoch  6  loss(tr/va/te)=0.0544/0.0577/0.0518  qwk(tr/va/te)=0.4619/0.5006/0.5332  acc(tr/va/te)=0.4505/0.4403/0.4815
    epoch  7  loss(tr/va/te)=0.0509/0.0521/0.0448  qwk(tr/va/te)=0.5609/0.4954/0.6097  acc(tr/va/te)=0.4856/0.4104/0.5185
    epoch  8  loss(tr/va/te)=0.0466/0.0534/0.0442  qwk(tr/va/te)=0.5890/0.5373/0.5982  acc(tr/va/te)=0.4824/0.4179/0.4889
    epoch  9  loss(tr/va/te)=0.0452/0.0498/0.0414  qwk(tr/va/te)=0.5995/0.5401/0.6231  acc(tr/va/te)=0.5048/0.4254/0.5185
    epoch 10  loss(tr/va/te)=0.0426/0.0487/0.0398  qwk(tr/va/te)=0.5889/0.5250/0.6042  acc(tr/va/te)=0.4840/0.4179/0.5037
    epoch 11  loss(tr/va/te)=0.0413/0.0496/0.0384  qwk(tr/va/te)=0.6483/0.5993/0.6661  acc(tr/va/te)=0.5399/0.4851/0.5333
    epoch 12  loss(tr/va/te)=0.0393/0.0476/0.0357  qwk(tr/va/te)=0.7102/0.6420/0.7059  acc(tr/va/te)=0.5751/0.5224/0.5630
    epoch 13  loss(tr/va/te)=0.0369/0.0462/0.0372  qwk(tr/va/te)=0.7023/0.6194/0.7127  acc(tr/va/te)=0.6118/0.5149/0.6148
    epoch 14  loss(tr/va/te)=0.0345/0.0458/0.0302  qwk(tr/va/te)=0.7107/0.5978/0.7348  acc(tr/va/te)=0.5974/0.5224/0.6000
    epoch 15  loss(tr/va/te)=0.0302/0.0438/0.0293  qwk(tr/va/te)=0.7637/0.6552/0.7800  acc(tr/va/te)=0.6597/0.5373/0.6815
    epoch 16  loss(tr/va/te)=0.0275/0.0499/0.0346  qwk(tr/va/te)=0.7872/0.6565/0.7683  acc(tr/va/te)=0.6358/0.5597/0.6444
    epoch 17  loss(tr/va/te)=0.0278/0.0432/0.0291  qwk(tr/va/te)=0.7822/0.6822/0.8040  acc(tr/va/te)=0.6518/0.5597/0.6815
    epoch 18  loss(tr/va/te)=0.0257/0.0492/0.0316  qwk(tr/va/te)=0.8051/0.6578/0.8015  acc(tr/va/te)=0.6502/0.5672/0.6667
    epoch 19  loss(tr/va/te)=0.0241/0.0448/0.0269  qwk(tr/va/te)=0.8266/0.6782/0.7852  acc(tr/va/te)=0.7061/0.5821/0.6963
    epoch 20  loss(tr/va/te)=0.0214/0.0473/0.0280  qwk(tr/va/te)=0.8453/0.6909/0.7949  acc(tr/va/te)=0.7045/0.5597/0.6889
  [raw_qar_bilstm                ] train_qwk=0.8453 -> test_qwk=0.7949  acc5=0.6889  raw_w1=0.7111  epoch=20  (20.7s)
    epoch  1  loss(tr/va/te)=0.0959/0.0776/0.0774  qwk(tr/va/te)=0.0000/0.0000/0.0000  acc(tr/va/te)=0.1358/0.1343/0.1333
    epoch  2  loss(tr/va/te)=0.0728/0.0652/0.0608  qwk(tr/va/te)=0.1359/0.1418/0.1000  acc(tr/va/te)=0.2316/0.2313/0.2000
    epoch  3  loss(tr/va/te)=0.0558/0.0548/0.0454  qwk(tr/va/te)=0.5549/0.4775/0.5970  acc(tr/va/te)=0.4840/0.4478/0.5407
    epoch  4  loss(tr/va/te)=0.0500/0.0521/0.0426  qwk(tr/va/te)=0.5902/0.5354/0.6338  acc(tr/va/te)=0.4872/0.4328/0.5259
    epoch  5  loss(tr/va/te)=0.0503/0.0496/0.0431  qwk(tr/va/te)=0.5795/0.5355/0.5852  acc(tr/va/te)=0.4856/0.4104/0.5407
    epoch  6  loss(tr/va/te)=0.0436/0.0482/0.0418  qwk(tr/va/te)=0.5645/0.5162/0.5633  acc(tr/va/te)=0.4712/0.3955/0.5185
    epoch  7  loss(tr/va/te)=0.0392/0.0415/0.0335  qwk(tr/va/te)=0.6743/0.6025/0.6756  acc(tr/va/te)=0.5367/0.4552/0.5630
    epoch  8  loss(tr/va/te)=0.0349/0.0381/0.0322  qwk(tr/va/te)=0.6918/0.6731/0.6754  acc(tr/va/te)=0.5463/0.5075/0.5556
    epoch  9  loss(tr/va/te)=0.0331/0.0376/0.0294  qwk(tr/va/te)=0.7489/0.7075/0.7601  acc(tr/va/te)=0.6198/0.5821/0.6074
    epoch 10  loss(tr/va/te)=0.0306/0.0348/0.0284  qwk(tr/va/te)=0.7643/0.7319/0.7714  acc(tr/va/te)=0.6342/0.5746/0.6593
    epoch 11  loss(tr/va/te)=0.0282/0.0335/0.0289  qwk(tr/va/te)=0.7880/0.7160/0.7290  acc(tr/va/te)=0.6118/0.5448/0.5852
    epoch 12  loss(tr/va/te)=0.0264/0.0374/0.0253  qwk(tr/va/te)=0.7827/0.7093/0.8008  acc(tr/va/te)=0.6118/0.5597/0.6519
    epoch 13  loss(tr/va/te)=0.0228/0.0317/0.0282  qwk(tr/va/te)=0.7928/0.7039/0.7677  acc(tr/va/te)=0.6166/0.5448/0.6741
    epoch 14  loss(tr/va/te)=0.0230/0.0408/0.0279  qwk(tr/va/te)=0.8121/0.7071/0.7804  acc(tr/va/te)=0.6470/0.5970/0.6000
    early-stop at epoch 14 (best epoch=10, best_qwk=0.7319)
  [clean_ra_bilstm               ] train_qwk=0.7643 -> test_qwk=0.7714  acc5=0.6593  raw_w1=0.6444  epoch=10  (15.5s)
    epoch  1  loss(tr/va/te)=0.0961/0.0780/0.0777  qwk(tr/va/te)=0.0000/0.0000/0.0000  acc(tr/va/te)=0.1358/0.1343/0.1333
    epoch  2  loss(tr/va/te)=0.0740/0.0680/0.0641  qwk(tr/va/te)=0.0730/0.0255/0.0247  acc(tr/va/te)=0.2029/0.1716/0.1704
    epoch  3  loss(tr/va/te)=0.0589/0.0583/0.0479  qwk(tr/va/te)=0.5201/0.4679/0.5836  acc(tr/va/te)=0.4521/0.3806/0.5037
    epoch  4  loss(tr/va/te)=0.0527/0.0563/0.0455  qwk(tr/va/te)=0.5763/0.5277/0.6267  acc(tr/va/te)=0.5048/0.4478/0.5259
    epoch  5  loss(tr/va/te)=0.0531/0.0543/0.0454  qwk(tr/va/te)=0.5829/0.5251/0.6282  acc(tr/va/te)=0.4968/0.4403/0.5556
    epoch  6  loss(tr/va/te)=0.0482/0.0565/0.0494  qwk(tr/va/te)=0.5234/0.4821/0.5457  acc(tr/va/te)=0.4665/0.4254/0.5037
    epoch  7  loss(tr/va/te)=0.0468/0.0524/0.0431  qwk(tr/va/te)=0.5999/0.5423/0.6234  acc(tr/va/te)=0.4952/0.4328/0.5259
    epoch  8  loss(tr/va/te)=0.0428/0.0507/0.0407  qwk(tr/va/te)=0.6266/0.5420/0.6383  acc(tr/va/te)=0.5064/0.4627/0.5630
    epoch  9  loss(tr/va/te)=0.0402/0.0492/0.0385  qwk(tr/va/te)=0.6455/0.6042/0.6451  acc(tr/va/te)=0.5096/0.4701/0.5259
    epoch 10  loss(tr/va/te)=0.0369/0.0486/0.0371  qwk(tr/va/te)=0.7115/0.6145/0.6890  acc(tr/va/te)=0.5655/0.5149/0.5926
    epoch 11  loss(tr/va/te)=0.0337/0.0473/0.0381  qwk(tr/va/te)=0.6882/0.5520/0.6234  acc(tr/va/te)=0.5447/0.4552/0.5333
    epoch 12  loss(tr/va/te)=0.0302/0.0528/0.0368  qwk(tr/va/te)=0.7425/0.6458/0.7346  acc(tr/va/te)=0.5815/0.5373/0.5926
    epoch 13  loss(tr/va/te)=0.0301/0.0443/0.0315  qwk(tr/va/te)=0.7637/0.5986/0.7074  acc(tr/va/te)=0.6294/0.5149/0.6370
    epoch 14  loss(tr/va/te)=0.0279/0.0489/0.0311  qwk(tr/va/te)=0.7843/0.6674/0.7582  acc(tr/va/te)=0.6038/0.5448/0.5778
    epoch 15  loss(tr/va/te)=0.0282/0.0449/0.0317  qwk(tr/va/te)=0.7507/0.6630/0.7259  acc(tr/va/te)=0.5639/0.5373/0.5630
    epoch 16  loss(tr/va/te)=0.0277/0.0392/0.0281  qwk(tr/va/te)=0.8089/0.6580/0.7634  acc(tr/va/te)=0.6965/0.5448/0.6667
    epoch 17  loss(tr/va/te)=0.0239/0.0395/0.0277  qwk(tr/va/te)=0.8181/0.6564/0.7754  acc(tr/va/te)=0.7141/0.5821/0.6889
    epoch 18  loss(tr/va/te)=0.0213/0.0365/0.0249  qwk(tr/va/te)=0.8419/0.6816/0.8174  acc(tr/va/te)=0.7125/0.5522/0.6963
    epoch 19  loss(tr/va/te)=0.0196/0.0383/0.0243  qwk(tr/va/te)=0.8645/0.7059/0.8258  acc(tr/va/te)=0.7412/0.6418/0.7111
    epoch 20  loss(tr/va/te)=0.0174/0.0392/0.0306  qwk(tr/va/te)=0.8426/0.6670/0.7485  acc(tr/va/te)=0.7173/0.5970/0.6741
  [clean_qar_bilstm              ] train_qwk=0.8645 -> test_qwk=0.8258  acc5=0.7111  raw_w1=0.7037  epoch=19  (21.5s)
    epoch  1  loss(tr/va/te)=0.0958/0.0799/0.0794  qwk(tr/va/te)=0.0000/0.0000/0.0000  acc(tr/va/te)=0.1358/0.1343/0.1333
    epoch  2  loss(tr/va/te)=0.0766/0.0737/0.0718  qwk(tr/va/te)=0.0000/0.0000/0.0000  acc(tr/va/te)=0.1358/0.1343/0.1333
    epoch  3  loss(tr/va/te)=0.0654/0.0642/0.0579  qwk(tr/va/te)=0.3226/0.2975/0.3816  acc(tr/va/te)=0.4010/0.3657/0.4593
    epoch  4  loss(tr/va/te)=0.0550/0.0570/0.0473  qwk(tr/va/te)=0.5542/0.4766/0.5752  acc(tr/va/te)=0.4521/0.4328/0.5185
    epoch  5  loss(tr/va/te)=0.0528/0.0555/0.0476  qwk(tr/va/te)=0.4990/0.3932/0.5471  acc(tr/va/te)=0.4297/0.3657/0.4667
    epoch  6  loss(tr/va/te)=0.0452/0.0533/0.0448  qwk(tr/va/te)=0.5655/0.4728/0.5620  acc(tr/va/te)=0.4856/0.4552/0.5259
    epoch  7  loss(tr/va/te)=0.0404/0.0484/0.0368  qwk(tr/va/te)=0.6684/0.6101/0.6601  acc(tr/va/te)=0.5479/0.4552/0.5704
    epoch  8  loss(tr/va/te)=0.0370/0.0458/0.0367  qwk(tr/va/te)=0.6792/0.6102/0.6991  acc(tr/va/te)=0.5495/0.4776/0.6074
    epoch  9  loss(tr/va/te)=0.0358/0.0433/0.0332  qwk(tr/va/te)=0.7291/0.6586/0.7141  acc(tr/va/te)=0.5911/0.5149/0.6074
    epoch 10  loss(tr/va/te)=0.0324/0.0387/0.0323  qwk(tr/va/te)=0.7421/0.6714/0.7325  acc(tr/va/te)=0.6022/0.5224/0.6222
    epoch 11  loss(tr/va/te)=0.0316/0.0390/0.0308  qwk(tr/va/te)=0.7364/0.6844/0.7629  acc(tr/va/te)=0.5927/0.5299/0.6222
    epoch 12  loss(tr/va/te)=0.0304/0.0390/0.0304  qwk(tr/va/te)=0.7388/0.6544/0.7427  acc(tr/va/te)=0.5879/0.5000/0.5852
    epoch 13  loss(tr/va/te)=0.0267/0.0362/0.0299  qwk(tr/va/te)=0.7841/0.6851/0.7744  acc(tr/va/te)=0.6326/0.5149/0.6370
    epoch 14  loss(tr/va/te)=0.0264/0.0386/0.0302  qwk(tr/va/te)=0.7853/0.6987/0.7917  acc(tr/va/te)=0.6310/0.5075/0.6370
    epoch 15  loss(tr/va/te)=0.0263/0.0354/0.0298  qwk(tr/va/te)=0.8017/0.6746/0.7629  acc(tr/va/te)=0.6550/0.5522/0.6222
    epoch 16  loss(tr/va/te)=0.0236/0.0341/0.0283  qwk(tr/va/te)=0.8161/0.7303/0.7826  acc(tr/va/te)=0.6741/0.5970/0.6593
    epoch 17  loss(tr/va/te)=0.0218/0.0339/0.0314  qwk(tr/va/te)=0.7943/0.6924/0.7091  acc(tr/va/te)=0.6422/0.5299/0.6148
    epoch 18  loss(tr/va/te)=0.0193/0.0327/0.0274  qwk(tr/va/te)=0.8715/0.7675/0.8045  acc(tr/va/te)=0.7412/0.6194/0.6889
    epoch 19  loss(tr/va/te)=0.0175/0.0295/0.0286  qwk(tr/va/te)=0.8756/0.7518/0.7620  acc(tr/va/te)=0.7540/0.6045/0.6222
    epoch 20  loss(tr/va/te)=0.0160/0.0390/0.0311  qwk(tr/va/te)=0.8509/0.7158/0.7534  acc(tr/va/te)=0.7093/0.6642/0.6593
  [segment_ra_bilstm             ] train_qwk=0.8715 -> test_qwk=0.8045  acc5=0.6889  raw_w1=0.7037  epoch=18  (31.9s)
    epoch  1  loss(tr/va/te)=0.0959/0.0797/0.0792  qwk(tr/va/te)=0.0000/0.0000/0.0000  acc(tr/va/te)=0.1358/0.1343/0.1333
    epoch  2  loss(tr/va/te)=0.0771/0.0743/0.0728  qwk(tr/va/te)=0.0000/0.0000/0.0000  acc(tr/va/te)=0.1358/0.1343/0.1333
    epoch  3  loss(tr/va/te)=0.0671/0.0652/0.0588  qwk(tr/va/te)=0.3234/0.3033/0.4149  acc(tr/va/te)=0.3930/0.3657/0.4519
    epoch  4  loss(tr/va/te)=0.0577/0.0565/0.0480  qwk(tr/va/te)=0.5530/0.5125/0.6367  acc(tr/va/te)=0.4824/0.4179/0.5407
    epoch  5  loss(tr/va/te)=0.0562/0.0555/0.0479  qwk(tr/va/te)=0.5158/0.4760/0.5635  acc(tr/va/te)=0.4233/0.3955/0.4741
    epoch  6  loss(tr/va/te)=0.0500/0.0575/0.0507  qwk(tr/va/te)=0.5143/0.4653/0.5656  acc(tr/va/te)=0.4681/0.4254/0.5333
    epoch  7  loss(tr/va/te)=0.0485/0.0557/0.0444  qwk(tr/va/te)=0.5664/0.5145/0.6131  acc(tr/va/te)=0.4681/0.4403/0.4963
    epoch  8  loss(tr/va/te)=0.0462/0.0532/0.0420  qwk(tr/va/te)=0.5762/0.5115/0.5861  acc(tr/va/te)=0.4681/0.4403/0.5111
    epoch  9  loss(tr/va/te)=0.0450/0.0527/0.0405  qwk(tr/va/te)=0.5912/0.4926/0.6030  acc(tr/va/te)=0.4744/0.4403/0.5037
    epoch 10  loss(tr/va/te)=0.0439/0.0514/0.0396  qwk(tr/va/te)=0.6050/0.5053/0.6210  acc(tr/va/te)=0.5080/0.4328/0.5333
    epoch 11  loss(tr/va/te)=0.0413/0.0514/0.0386  qwk(tr/va/te)=0.6109/0.5225/0.6243  acc(tr/va/te)=0.5176/0.4478/0.5259
    epoch 12  loss(tr/va/te)=0.0406/0.0504/0.0362  qwk(tr/va/te)=0.6352/0.5237/0.6548  acc(tr/va/te)=0.5304/0.4701/0.5481
    epoch 13  loss(tr/va/te)=0.0375/0.0481/0.0374  qwk(tr/va/te)=0.6445/0.5836/0.6692  acc(tr/va/te)=0.5192/0.4851/0.5556
    epoch 14  loss(tr/va/te)=0.0381/0.0545/0.0354  qwk(tr/va/te)=0.7110/0.6049/0.7430  acc(tr/va/te)=0.5687/0.5373/0.5704
    epoch 15  loss(tr/va/te)=0.0333/0.0503/0.0325  qwk(tr/va/te)=0.7200/0.6367/0.7586  acc(tr/va/te)=0.5927/0.5448/0.6296
    epoch 16  loss(tr/va/te)=0.0346/0.0452/0.0315  qwk(tr/va/te)=0.7248/0.6120/0.7630  acc(tr/va/te)=0.6118/0.5373/0.6222
    epoch 17  loss(tr/va/te)=0.0314/0.0440/0.0304  qwk(tr/va/te)=0.7890/0.6487/0.7759  acc(tr/va/te)=0.6965/0.5896/0.7037
    epoch 18  loss(tr/va/te)=0.0289/0.0423/0.0309  qwk(tr/va/te)=0.7797/0.6482/0.7644  acc(tr/va/te)=0.6629/0.5522/0.6741
    epoch 19  loss(tr/va/te)=0.0263/0.0452/0.0304  qwk(tr/va/te)=0.8148/0.6685/0.7495  acc(tr/va/te)=0.6981/0.6045/0.6963
    epoch 20  loss(tr/va/te)=0.0260/0.0418/0.0335  qwk(tr/va/te)=0.7969/0.6882/0.7222  acc(tr/va/te)=0.6837/0.5746/0.6667
  [segment_qar_bilstm            ] train_qwk=0.7969 -> test_qwk=0.7222  acc5=0.6667  raw_w1=0.7037  epoch=20  (31.9s)

[*] exp05 done

========== exp06 transformer  1184 (full)  resume=True  ->  /home/norak/R&I/Explainable-AI-for-Automated-Grading-of-Khmer-Language-Short-Answer-Questions-in-Education/results_full_v06_transformer ==========
  rows=1184 train=828 val=178 test=178
Warning: You are sending unauthenticated requests to the HF Hub. Please set a HF_TOKEN to enable higher rate limits and faster downloads.
Skipping import of cpp extensions due to incompatible torch version. Please upgrade to torch >= 2.11.0 (found 2.10.0+cu128).
Loading weights:   0%|          | 0/199 [00:00<?, ?it/s]Loading weights:  98%|█████████▊| 195/199 [00:00<00:00, 1948.28it/s]Loading weights: 100%|██████████| 199/199 [00:00<00:00, 1964.69it/s]
[1mBertModel LOAD REPORT[0m from: bert-base-multilingual-cased
Key                                        | Status     |  | 
-------------------------------------------+------------+--+-
cls.predictions.transform.dense.bias       | UNEXPECTED |  | 
cls.predictions.transform.dense.weight     | UNEXPECTED |  | 
cls.predictions.transform.LayerNorm.weight | UNEXPECTED |  | 
cls.predictions.transform.LayerNorm.bias   | UNEXPECTED |  | 
cls.predictions.bias                       | UNEXPECTED |  | 
cls.seq_relationship.weight                | UNEXPECTED |  | 
cls.seq_relationship.bias                  | UNEXPECTED |  | 

Notes:
- UNEXPECTED:	can be ignored when loading from different task/architecture; not ok if you expect identical arch.
/home/norak/R&I/Explainable-AI-for-Automated-Grading-of-Khmer-Language-Short-Answer-Questions-in-Education/train.py:206: FutureWarning: `torch.cuda.amp.GradScaler(args...)` is deprecated. Please use `torch.amp.GradScaler('cuda', args...)` instead.
  scaler = torch.cuda.amp.GradScaler() if use_amp and device == "cuda" else None
/home/norak/R&I/Explainable-AI-for-Automated-Grading-of-Khmer-Language-Short-Answer-Questions-in-Education/train.py:148: FutureWarning: `torch.cuda.amp.autocast(args...)` is deprecated. Please use `torch.amp.autocast('cuda', args...)` instead.
  with torch.cuda.amp.autocast():
/home/norak/R&I/Explainable-AI-for-Automated-Grading-of-Khmer-Language-Short-Answer-Questions-in-Education/train.py:169: FutureWarning: `torch.cuda.amp.autocast(args...)` is deprecated. Please use `torch.amp.autocast('cuda', args...)` instead.
  with torch.cuda.amp.autocast():
    epoch  1  loss(tr/va/te)=0.0714/0.0644/0.0593  qwk(tr/va/te)=0.3829/0.3453/0.4360  acc(tr/va/te)=0.2585/0.2753/0.2809
/home/norak/R&I/Explainable-AI-for-Automated-Grading-of-Khmer-Language-Short-Answer-Questions-in-Education/train.py:148: FutureWarning: `torch.cuda.amp.autocast(args...)` is deprecated. Please use `torch.amp.autocast('cuda', args...)` instead.
  with torch.cuda.amp.autocast():
/home/norak/R&I/Explainable-AI-for-Automated-Grading-of-Khmer-Language-Short-Answer-Questions-in-Education/train.py:169: FutureWarning: `torch.cuda.amp.autocast(args...)` is deprecated. Please use `torch.amp.autocast('cuda', args...)` instead.
  with torch.cuda.amp.autocast():
    epoch  2  loss(tr/va/te)=0.0541/0.0549/0.0465  qwk(tr/va/te)=0.4881/0.4674/0.5098  acc(tr/va/te)=0.3816/0.3090/0.3933
/home/norak/R&I/Explainable-AI-for-Automated-Grading-of-Khmer-Language-Short-Answer-Questions-in-Education/train.py:148: FutureWarning: `torch.cuda.amp.autocast(args...)` is deprecated. Please use `torch.amp.autocast('cuda', args...)` instead.
  with torch.cuda.amp.autocast():
/home/norak/R&I/Explainable-AI-for-Automated-Grading-of-Khmer-Language-Short-Answer-Questions-in-Education/train.py:169: FutureWarning: `torch.cuda.amp.autocast(args...)` is deprecated. Please use `torch.amp.autocast('cuda', args...)` instead.
  with torch.cuda.amp.autocast():
    epoch  3  loss(tr/va/te)=0.0494/0.0504/0.0445  qwk(tr/va/te)=0.6042/0.5562/0.6147  acc(tr/va/te)=0.4626/0.4382/0.5337
/home/norak/R&I/Explainable-AI-for-Automated-Grading-of-Khmer-Language-Short-Answer-Questions-in-Education/train.py:148: FutureWarning: `torch.cuda.amp.autocast(args...)` is deprecated. Please use `torch.amp.autocast('cuda', args...)` instead.
  with torch.cuda.amp.autocast():
/home/norak/R&I/Explainable-AI-for-Automated-Grading-of-Khmer-Language-Short-Answer-Questions-in-Education/train.py:169: FutureWarning: `torch.cuda.amp.autocast(args...)` is deprecated. Please use `torch.amp.autocast('cuda', args...)` instead.
  with torch.cuda.amp.autocast():
    epoch  4  loss(tr/va/te)=0.0473/0.0480/0.0455  qwk(tr/va/te)=0.5816/0.5561/0.5988  acc(tr/va/te)=0.4783/0.4438/0.5449
/home/norak/R&I/Explainable-AI-for-Automated-Grading-of-Khmer-Language-Short-Answer-Questions-in-Education/train.py:148: FutureWarning: `torch.cuda.amp.autocast(args...)` is deprecated. Please use `torch.amp.autocast('cuda', args...)` instead.
  with torch.cuda.amp.autocast():
/home/norak/R&I/Explainable-AI-for-Automated-Grading-of-Khmer-Language-Short-Answer-Questions-in-Education/train.py:169: FutureWarning: `torch.cuda.amp.autocast(args...)` is deprecated. Please use `torch.amp.autocast('cuda', args...)` instead.
  with torch.cuda.amp.autocast():
    epoch  5  loss(tr/va/te)=0.0456/0.0456/0.0414  qwk(tr/va/te)=0.6343/0.5995/0.6184  acc(tr/va/te)=0.5278/0.4719/0.5955
/home/norak/R&I/Explainable-AI-for-Automated-Grading-of-Khmer-Language-Short-Answer-Questions-in-Education/train.py:148: FutureWarning: `torch.cuda.amp.autocast(args...)` is deprecated. Please use `torch.amp.autocast('cuda', args...)` instead.
  with torch.cuda.amp.autocast():
/home/norak/R&I/Explainable-AI-for-Automated-Grading-of-Khmer-Language-Short-Answer-Questions-in-Education/train.py:169: FutureWarning: `torch.cuda.amp.autocast(args...)` is deprecated. Please use `torch.amp.autocast('cuda', args...)` instead.
  with torch.cuda.amp.autocast():
    epoch  6  loss(tr/va/te)=0.0426/0.0482/0.0441  qwk(tr/va/te)=0.6100/0.5623/0.5942  acc(tr/va/te)=0.5012/0.4438/0.5112
/home/norak/R&I/Explainable-AI-for-Automated-Grading-of-Khmer-Language-Short-Answer-Questions-in-Education/train.py:148: FutureWarning: `torch.cuda.amp.autocast(args...)` is deprecated. Please use `torch.amp.autocast('cuda', args...)` instead.
  with torch.cuda.amp.autocast():
/home/norak/R&I/Explainable-AI-for-Automated-Grading-of-Khmer-Language-Short-Answer-Questions-in-Education/train.py:169: FutureWarning: `torch.cuda.amp.autocast(args...)` is deprecated. Please use `torch.amp.autocast('cuda', args...)` instead.
  with torch.cuda.amp.autocast():
    epoch  7  loss(tr/va/te)=0.0418/0.0449/0.0403  qwk(tr/va/te)=0.6852/0.6141/0.6580  acc(tr/va/te)=0.5870/0.5056/0.5787
/home/norak/R&I/Explainable-AI-for-Automated-Grading-of-Khmer-Language-Short-Answer-Questions-in-Education/train.py:148: FutureWarning: `torch.cuda.amp.autocast(args...)` is deprecated. Please use `torch.amp.autocast('cuda', args...)` instead.
  with torch.cuda.amp.autocast():
/home/norak/R&I/Explainable-AI-for-Automated-Grading-of-Khmer-Language-Short-Answer-Questions-in-Education/train.py:169: FutureWarning: `torch.cuda.amp.autocast(args...)` is deprecated. Please use `torch.amp.autocast('cuda', args...)` instead.
  with torch.cuda.amp.autocast():
    epoch  8  loss(tr/va/te)=0.0399/0.0418/0.0395  qwk(tr/va/te)=0.6839/0.6291/0.6427  acc(tr/va/te)=0.5471/0.5506/0.5787
/home/norak/R&I/Explainable-AI-for-Automated-Grading-of-Khmer-Language-Short-Answer-Questions-in-Education/train.py:148: FutureWarning: `torch.cuda.amp.autocast(args...)` is deprecated. Please use `torch.amp.autocast('cuda', args...)` instead.
  with torch.cuda.amp.autocast():
/home/norak/R&I/Explainable-AI-for-Automated-Grading-of-Khmer-Language-Short-Answer-Questions-in-Education/train.py:169: FutureWarning: `torch.cuda.amp.autocast(args...)` is deprecated. Please use `torch.amp.autocast('cuda', args...)` instead.
  with torch.cuda.amp.autocast():
    epoch  9  loss(tr/va/te)=0.0364/0.0450/0.0451  qwk(tr/va/te)=0.6715/0.5907/0.6246  acc(tr/va/te)=0.5193/0.5056/0.5393
/home/norak/R&I/Explainable-AI-for-Automated-Grading-of-Khmer-Language-Short-Answer-Questions-in-Education/train.py:148: FutureWarning: `torch.cuda.amp.autocast(args...)` is deprecated. Please use `torch.amp.autocast('cuda', args...)` instead.
  with torch.cuda.amp.autocast():
/home/norak/R&I/Explainable-AI-for-Automated-Grading-of-Khmer-Language-Short-Answer-Questions-in-Education/train.py:169: FutureWarning: `torch.cuda.amp.autocast(args...)` is deprecated. Please use `torch.amp.autocast('cuda', args...)` instead.
  with torch.cuda.amp.autocast():
    epoch 10  loss(tr/va/te)=0.0362/0.0466/0.0434  qwk(tr/va/te)=0.6956/0.5939/0.6355  acc(tr/va/te)=0.5543/0.5056/0.5449
/home/norak/R&I/Explainable-AI-for-Automated-Grading-of-Khmer-Language-Short-Answer-Questions-in-Education/train.py:148: FutureWarning: `torch.cuda.amp.autocast(args...)` is deprecated. Please use `torch.amp.autocast('cuda', args...)` instead.
  with torch.cuda.amp.autocast():
/home/norak/R&I/Explainable-AI-for-Automated-Grading-of-Khmer-Language-Short-Answer-Questions-in-Education/train.py:169: FutureWarning: `torch.cuda.amp.autocast(args...)` is deprecated. Please use `torch.amp.autocast('cuda', args...)` instead.
  with torch.cuda.amp.autocast():
    epoch 11  loss(tr/va/te)=0.0347/0.0407/0.0414  qwk(tr/va/te)=0.7450/0.6344/0.6559  acc(tr/va/te)=0.5785/0.5393/0.5843
/home/norak/R&I/Explainable-AI-for-Automated-Grading-of-Khmer-Language-Short-Answer-Questions-in-Education/train.py:148: FutureWarning: `torch.cuda.amp.autocast(args...)` is deprecated. Please use `torch.amp.autocast('cuda', args...)` instead.
  with torch.cuda.amp.autocast():
/home/norak/R&I/Explainable-AI-for-Automated-Grading-of-Khmer-Language-Short-Answer-Questions-in-Education/train.py:169: FutureWarning: `torch.cuda.amp.autocast(args...)` is deprecated. Please use `torch.amp.autocast('cuda', args...)` instead.
  with torch.cuda.amp.autocast():
    epoch 12  loss(tr/va/te)=0.0325/0.0415/0.0391  qwk(tr/va/te)=0.7320/0.6108/0.6686  acc(tr/va/te)=0.5785/0.5225/0.6236
/home/norak/R&I/Explainable-AI-for-Automated-Grading-of-Khmer-Language-Short-Answer-Questions-in-Education/train.py:148: FutureWarning: `torch.cuda.amp.autocast(args...)` is deprecated. Please use `torch.amp.autocast('cuda', args...)` instead.
  with torch.cuda.amp.autocast():
/home/norak/R&I/Explainable-AI-for-Automated-Grading-of-Khmer-Language-Short-Answer-Questions-in-Education/train.py:169: FutureWarning: `torch.cuda.amp.autocast(args...)` is deprecated. Please use `torch.amp.autocast('cuda', args...)` instead.
  with torch.cuda.amp.autocast():
    epoch 13  loss(tr/va/te)=0.0315/0.0405/0.0370  qwk(tr/va/te)=0.7128/0.6216/0.6772  acc(tr/va/te)=0.5652/0.5000/0.6011
/home/norak/R&I/Explainable-AI-for-Automated-Grading-of-Khmer-Language-Short-Answer-Questions-in-Education/train.py:148: FutureWarning: `torch.cuda.amp.autocast(args...)` is deprecated. Please use `torch.amp.autocast('cuda', args...)` instead.
  with torch.cuda.amp.autocast():
/home/norak/R&I/Explainable-AI-for-Automated-Grading-of-Khmer-Language-Short-Answer-Questions-in-Education/train.py:169: FutureWarning: `torch.cuda.amp.autocast(args...)` is deprecated. Please use `torch.amp.autocast('cuda', args...)` instead.
  with torch.cuda.amp.autocast():
    epoch 14  loss(tr/va/te)=0.0309/0.0415/0.0388  qwk(tr/va/te)=0.7548/0.6279/0.6737  acc(tr/va/te)=0.5942/0.5281/0.5899
/home/norak/R&I/Explainable-AI-for-Automated-Grading-of-Khmer-Language-Short-Answer-Questions-in-Education/train.py:148: FutureWarning: `torch.cuda.amp.autocast(args...)` is deprecated. Please use `torch.amp.autocast('cuda', args...)` instead.
  with torch.cuda.amp.autocast():
/home/norak/R&I/Explainable-AI-for-Automated-Grading-of-Khmer-Language-Short-Answer-Questions-in-Education/train.py:169: FutureWarning: `torch.cuda.amp.autocast(args...)` is deprecated. Please use `torch.amp.autocast('cuda', args...)` instead.
  with torch.cuda.amp.autocast():
    epoch 15  loss(tr/va/te)=0.0300/0.0413/0.0401  qwk(tr/va/te)=0.7412/0.6573/0.6856  acc(tr/va/te)=0.6051/0.5393/0.6404
/home/norak/R&I/Explainable-AI-for-Automated-Grading-of-Khmer-Language-Short-Answer-Questions-in-Education/train.py:148: FutureWarning: `torch.cuda.amp.autocast(args...)` is deprecated. Please use `torch.amp.autocast('cuda', args...)` instead.
  with torch.cuda.amp.autocast():
/home/norak/R&I/Explainable-AI-for-Automated-Grading-of-Khmer-Language-Short-Answer-Questions-in-Education/train.py:169: FutureWarning: `torch.cuda.amp.autocast(args...)` is deprecated. Please use `torch.amp.autocast('cuda', args...)` instead.
  with torch.cuda.amp.autocast():
    epoch 16  loss(tr/va/te)=0.0290/0.0373/0.0383  qwk(tr/va/te)=0.7875/0.6711/0.7159  acc(tr/va/te)=0.6304/0.5506/0.6629
/home/norak/R&I/Explainable-AI-for-Automated-Grading-of-Khmer-Language-Short-Answer-Questions-in-Education/train.py:148: FutureWarning: `torch.cuda.amp.autocast(args...)` is deprecated. Please use `torch.amp.autocast('cuda', args...)` instead.
  with torch.cuda.amp.autocast():
/home/norak/R&I/Explainable-AI-for-Automated-Grading-of-Khmer-Language-Short-Answer-Questions-in-Education/train.py:169: FutureWarning: `torch.cuda.amp.autocast(args...)` is deprecated. Please use `torch.amp.autocast('cuda', args...)` instead.
  with torch.cuda.amp.autocast():
    epoch 17  loss(tr/va/te)=0.0283/0.0388/0.0399  qwk(tr/va/te)=0.7745/0.6875/0.6942  acc(tr/va/te)=0.6232/0.5562/0.6067
/home/norak/R&I/Explainable-AI-for-Automated-Grading-of-Khmer-Language-Short-Answer-Questions-in-Education/train.py:148: FutureWarning: `torch.cuda.amp.autocast(args...)` is deprecated. Please use `torch.amp.autocast('cuda', args...)` instead.
  with torch.cuda.amp.autocast():
/home/norak/R&I/Explainable-AI-for-Automated-Grading-of-Khmer-Language-Short-Answer-Questions-in-Education/train.py:169: FutureWarning: `torch.cuda.amp.autocast(args...)` is deprecated. Please use `torch.amp.autocast('cuda', args...)` instead.
  with torch.cuda.amp.autocast():
    epoch 18  loss(tr/va/te)=0.0280/0.0396/0.0406  qwk(tr/va/te)=0.7707/0.6732/0.6710  acc(tr/va/te)=0.6159/0.5899/0.6517
/home/norak/R&I/Explainable-AI-for-Automated-Grading-of-Khmer-Language-Short-Answer-Questions-in-Education/train.py:148: FutureWarning: `torch.cuda.amp.autocast(args...)` is deprecated. Please use `torch.amp.autocast('cuda', args...)` instead.
  with torch.cuda.amp.autocast():
/home/norak/R&I/Explainable-AI-for-Automated-Grading-of-Khmer-Language-Short-Answer-Questions-in-Education/train.py:169: FutureWarning: `torch.cuda.amp.autocast(args...)` is deprecated. Please use `torch.amp.autocast('cuda', args...)` instead.
  with torch.cuda.amp.autocast():
    epoch 19  loss(tr/va/te)=0.0275/0.0396/0.0412  qwk(tr/va/te)=0.7722/0.6723/0.6850  acc(tr/va/te)=0.6292/0.5787/0.6236
/home/norak/R&I/Explainable-AI-for-Automated-Grading-of-Khmer-Language-Short-Answer-Questions-in-Education/train.py:148: FutureWarning: `torch.cuda.amp.autocast(args...)` is deprecated. Please use `torch.amp.autocast('cuda', args...)` instead.
  with torch.cuda.amp.autocast():
/home/norak/R&I/Explainable-AI-for-Automated-Grading-of-Khmer-Language-Short-Answer-Questions-in-Education/train.py:169: FutureWarning: `torch.cuda.amp.autocast(args...)` is deprecated. Please use `torch.amp.autocast('cuda', args...)` instead.
  with torch.cuda.amp.autocast():
    epoch 20  loss(tr/va/te)=0.0274/0.0380/0.0400  qwk(tr/va/te)=0.7729/0.6543/0.6643  acc(tr/va/te)=0.6196/0.5393/0.6629
/home/norak/R&I/Explainable-AI-for-Automated-Grading-of-Khmer-Language-Short-Answer-Questions-in-Education/train.py:169: FutureWarning: `torch.cuda.amp.autocast(args...)` is deprecated. Please use `torch.amp.autocast('cuda', args...)` instead.
  with torch.cuda.amp.autocast():
/home/norak/R&I/Explainable-AI-for-Automated-Grading-of-Khmer-Language-Short-Answer-Questions-in-Education/train.py:169: FutureWarning: `torch.cuda.amp.autocast(args...)` is deprecated. Please use `torch.amp.autocast('cuda', args...)` instead.
  with torch.cuda.amp.autocast():
/home/norak/R&I/Explainable-AI-for-Automated-Grading-of-Khmer-Language-Short-Answer-Questions-in-Education/train.py:169: FutureWarning: `torch.cuda.amp.autocast(args...)` is deprecated. Please use `torch.amp.autocast('cuda', args...)` instead.
  with torch.cuda.amp.autocast():
  [raw_ra_dual_mbert                  ] train_qwk=0.7745 -> test_qwk=0.6942  raw_w1=0.7022  epoch=17  (237.1s)
Loading weights:   0%|          | 0/199 [00:00<?, ?it/s]Loading weights: 100%|██████████| 199/199 [00:00<00:00, 2204.41it/s]
[1mXLMRobertaModel LOAD REPORT[0m from: xlm-roberta-base
Key                       | Status     |  | 
--------------------------+------------+--+-
lm_head.dense.weight      | UNEXPECTED |  | 
lm_head.layer_norm.weight | UNEXPECTED |  | 
lm_head.dense.bias        | UNEXPECTED |  | 
lm_head.layer_norm.bias   | UNEXPECTED |  | 
lm_head.bias              | UNEXPECTED |  | 

Notes:
- UNEXPECTED:	can be ignored when loading from different task/architecture; not ok if you expect identical arch.
/home/norak/R&I/Explainable-AI-for-Automated-Grading-of-Khmer-Language-Short-Answer-Questions-in-Education/train.py:206: FutureWarning: `torch.cuda.amp.GradScaler(args...)` is deprecated. Please use `torch.amp.GradScaler('cuda', args...)` instead.
  scaler = torch.cuda.amp.GradScaler() if use_amp and device == "cuda" else None
/home/norak/R&I/Explainable-AI-for-Automated-Grading-of-Khmer-Language-Short-Answer-Questions-in-Education/train.py:148: FutureWarning: `torch.cuda.amp.autocast(args...)` is deprecated. Please use `torch.amp.autocast('cuda', args...)` instead.
  with torch.cuda.amp.autocast():
/home/norak/R&I/Explainable-AI-for-Automated-Grading-of-Khmer-Language-Short-Answer-Questions-in-Education/train.py:169: FutureWarning: `torch.cuda.amp.autocast(args...)` is deprecated. Please use `torch.amp.autocast('cuda', args...)` instead.
  with torch.cuda.amp.autocast():
    epoch  1  loss(tr/va/te)=0.0921/0.0684/0.0676  qwk(tr/va/te)=0.1595/0.1235/0.1299  acc(tr/va/te)=0.1872/0.1685/0.1966
/home/norak/R&I/Explainable-AI-for-Automated-Grading-of-Khmer-Language-Short-Answer-Questions-in-Education/train.py:148: FutureWarning: `torch.cuda.amp.autocast(args...)` is deprecated. Please use `torch.amp.autocast('cuda', args...)` instead.
  with torch.cuda.amp.autocast():
/home/norak/R&I/Explainable-AI-for-Automated-Grading-of-Khmer-Language-Short-Answer-Questions-in-Education/train.py:169: FutureWarning: `torch.cuda.amp.autocast(args...)` is deprecated. Please use `torch.amp.autocast('cuda', args...)` instead.
  with torch.cuda.amp.autocast():
    epoch  2  loss(tr/va/te)=0.0639/0.0520/0.0492  qwk(tr/va/te)=0.5348/0.4929/0.5106  acc(tr/va/te)=0.4457/0.4157/0.4607
/home/norak/R&I/Explainable-AI-for-Automated-Grading-of-Khmer-Language-Short-Answer-Questions-in-Education/train.py:148: FutureWarning: `torch.cuda.amp.autocast(args...)` is deprecated. Please use `torch.amp.autocast('cuda', args...)` instead.
  with torch.cuda.amp.autocast():
/home/norak/R&I/Explainable-AI-for-Automated-Grading-of-Khmer-Language-Short-Answer-Questions-in-Education/train.py:169: FutureWarning: `torch.cuda.amp.autocast(args...)` is deprecated. Please use `torch.amp.autocast('cuda', args...)` instead.
  with torch.cuda.amp.autocast():
    epoch  3  loss(tr/va/te)=0.0536/0.0553/0.0511  qwk(tr/va/te)=0.5504/0.5072/0.5095  acc(tr/va/te)=0.4807/0.4607/0.5056
/home/norak/R&I/Explainable-AI-for-Automated-Grading-of-Khmer-Language-Short-Answer-Questions-in-Education/train.py:148: FutureWarning: `torch.cuda.amp.autocast(args...)` is deprecated. Please use `torch.amp.autocast('cuda', args...)` instead.
  with torch.cuda.amp.autocast():
/home/norak/R&I/Explainable-AI-for-Automated-Grading-of-Khmer-Language-Short-Answer-Questions-in-Education/train.py:169: FutureWarning: `torch.cuda.amp.autocast(args...)` is deprecated. Please use `torch.amp.autocast('cuda', args...)` instead.
  with torch.cuda.amp.autocast():
    epoch  4  loss(tr/va/te)=0.0481/0.0464/0.0461  qwk(tr/va/te)=0.6428/0.5877/0.6263  acc(tr/va/te)=0.5543/0.5112/0.5843
/home/norak/R&I/Explainable-AI-for-Automated-Grading-of-Khmer-Language-Short-Answer-Questions-in-Education/train.py:148: FutureWarning: `torch.cuda.amp.autocast(args...)` is deprecated. Please use `torch.amp.autocast('cuda', args...)` instead.
  with torch.cuda.amp.autocast():
/home/norak/R&I/Explainable-AI-for-Automated-Grading-of-Khmer-Language-Short-Answer-Questions-in-Education/train.py:169: FutureWarning: `torch.cuda.amp.autocast(args...)` is deprecated. Please use `torch.amp.autocast('cuda', args...)` instead.
  with torch.cuda.amp.autocast():
    epoch  5  loss(tr/va/te)=0.0473/0.0432/0.0413  qwk(tr/va/te)=0.7008/0.6650/0.6435  acc(tr/va/te)=0.5423/0.5506/0.5562
/home/norak/R&I/Explainable-AI-for-Automated-Grading-of-Khmer-Language-Short-Answer-Questions-in-Education/train.py:148: FutureWarning: `torch.cuda.amp.autocast(args...)` is deprecated. Please use `torch.amp.autocast('cuda', args...)` instead.
  with torch.cuda.amp.autocast():
/home/norak/R&I/Explainable-AI-for-Automated-Grading-of-Khmer-Language-Short-Answer-Questions-in-Education/train.py:169: FutureWarning: `torch.cuda.amp.autocast(args...)` is deprecated. Please use `torch.amp.autocast('cuda', args...)` instead.
  with torch.cuda.amp.autocast():
    epoch  6  loss(tr/va/te)=0.0411/0.0414/0.0399  qwk(tr/va/te)=0.7067/0.6066/0.6576  acc(tr/va/te)=0.5483/0.5393/0.5730
/home/norak/R&I/Explainable-AI-for-Automated-Grading-of-Khmer-Language-Short-Answer-Questions-in-Education/train.py:148: FutureWarning: `torch.cuda.amp.autocast(args...)` is deprecated. Please use `torch.amp.autocast('cuda', args...)` instead.
  with torch.cuda.amp.autocast():
/home/norak/R&I/Explainable-AI-for-Automated-Grading-of-Khmer-Language-Short-Answer-Questions-in-Education/train.py:169: FutureWarning: `torch.cuda.amp.autocast(args...)` is deprecated. Please use `torch.amp.autocast('cuda', args...)` instead.
  with torch.cuda.amp.autocast():
    epoch  7  loss(tr/va/te)=0.0390/0.0472/0.0405  qwk(tr/va/te)=0.7141/0.6471/0.7029  acc(tr/va/te)=0.5435/0.5281/0.5506
/home/norak/R&I/Explainable-AI-for-Automated-Grading-of-Khmer-Language-Short-Answer-Questions-in-Education/train.py:148: FutureWarning: `torch.cuda.amp.autocast(args...)` is deprecated. Please use `torch.amp.autocast('cuda', args...)` instead.
  with torch.cuda.amp.autocast():
/home/norak/R&I/Explainable-AI-for-Automated-Grading-of-Khmer-Language-Short-Answer-Questions-in-Education/train.py:169: FutureWarning: `torch.cuda.amp.autocast(args...)` is deprecated. Please use `torch.amp.autocast('cuda', args...)` instead.
  with torch.cuda.amp.autocast():
    epoch  8  loss(tr/va/te)=0.0378/0.0403/0.0388  qwk(tr/va/te)=0.7406/0.6820/0.6722  acc(tr/va/te)=0.6002/0.5730/0.6180
/home/norak/R&I/Explainable-AI-for-Automated-Grading-of-Khmer-Language-Short-Answer-Questions-in-Education/train.py:148: FutureWarning: `torch.cuda.amp.autocast(args...)` is deprecated. Please use `torch.amp.autocast('cuda', args...)` instead.
  with torch.cuda.amp.autocast():
/home/norak/R&I/Explainable-AI-for-Automated-Grading-of-Khmer-Language-Short-Answer-Questions-in-Education/train.py:169: FutureWarning: `torch.cuda.amp.autocast(args...)` is deprecated. Please use `torch.amp.autocast('cuda', args...)` instead.
  with torch.cuda.amp.autocast():
    epoch  9  loss(tr/va/te)=0.0336/0.0416/0.0375  qwk(tr/va/te)=0.7561/0.6493/0.7028  acc(tr/va/te)=0.5725/0.5112/0.5787
/home/norak/R&I/Explainable-AI-for-Automated-Grading-of-Khmer-Language-Short-Answer-Questions-in-Education/train.py:148: FutureWarning: `torch.cuda.amp.autocast(args...)` is deprecated. Please use `torch.amp.autocast('cuda', args...)` instead.
  with torch.cuda.amp.autocast():
/home/norak/R&I/Explainable-AI-for-Automated-Grading-of-Khmer-Language-Short-Answer-Questions-in-Education/train.py:169: FutureWarning: `torch.cuda.amp.autocast(args...)` is deprecated. Please use `torch.amp.autocast('cuda', args...)` instead.
  with torch.cuda.amp.autocast():
    epoch 10  loss(tr/va/te)=0.0327/0.0433/0.0382  qwk(tr/va/te)=0.7609/0.6284/0.7063  acc(tr/va/te)=0.5906/0.5562/0.6011
/home/norak/R&I/Explainable-AI-for-Automated-Grading-of-Khmer-Language-Short-Answer-Questions-in-Education/train.py:148: FutureWarning: `torch.cuda.amp.autocast(args...)` is deprecated. Please use `torch.amp.autocast('cuda', args...)` instead.
  with torch.cuda.amp.autocast():
/home/norak/R&I/Explainable-AI-for-Automated-Grading-of-Khmer-Language-Short-Answer-Questions-in-Education/train.py:169: FutureWarning: `torch.cuda.amp.autocast(args...)` is deprecated. Please use `torch.amp.autocast('cuda', args...)` instead.
  with torch.cuda.amp.autocast():
    epoch 11  loss(tr/va/te)=0.0306/0.0394/0.0369  qwk(tr/va/te)=0.7778/0.6548/0.7166  acc(tr/va/te)=0.6171/0.5506/0.6348
/home/norak/R&I/Explainable-AI-for-Automated-Grading-of-Khmer-Language-Short-Answer-Questions-in-Education/train.py:148: FutureWarning: `torch.cuda.amp.autocast(args...)` is deprecated. Please use `torch.amp.autocast('cuda', args...)` instead.
  with torch.cuda.amp.autocast():
/home/norak/R&I/Explainable-AI-for-Automated-Grading-of-Khmer-Language-Short-Answer-Questions-in-Education/train.py:169: FutureWarning: `torch.cuda.amp.autocast(args...)` is deprecated. Please use `torch.amp.autocast('cuda', args...)` instead.
  with torch.cuda.amp.autocast():
    epoch 12  loss(tr/va/te)=0.0282/0.0419/0.0362  qwk(tr/va/te)=0.7980/0.6813/0.7272  acc(tr/va/te)=0.6425/0.5730/0.6236
    early-stop at epoch 12 (best epoch=8, best_qwk=0.6820)
/home/norak/R&I/Explainable-AI-for-Automated-Grading-of-Khmer-Language-Short-Answer-Questions-in-Education/train.py:169: FutureWarning: `torch.cuda.amp.autocast(args...)` is deprecated. Please use `torch.amp.autocast('cuda', args...)` instead.
  with torch.cuda.amp.autocast():
/home/norak/R&I/Explainable-AI-for-Automated-Grading-of-Khmer-Language-Short-Answer-Questions-in-Education/train.py:169: FutureWarning: `torch.cuda.amp.autocast(args...)` is deprecated. Please use `torch.amp.autocast('cuda', args...)` instead.
  with torch.cuda.amp.autocast():
/home/norak/R&I/Explainable-AI-for-Automated-Grading-of-Khmer-Language-Short-Answer-Questions-in-Education/train.py:169: FutureWarning: `torch.cuda.amp.autocast(args...)` is deprecated. Please use `torch.amp.autocast('cuda', args...)` instead.
  with torch.cuda.amp.autocast():
  [raw_ra_dual_xlmr                   ] train_qwk=0.7406 -> test_qwk=0.6722  raw_w1=0.6573  epoch=8  (148.0s)
Loading weights:   0%|          | 0/136 [00:00<?, ?it/s]Loading weights:   3%|▎         | 4/136 [00:00<00:08, 15.44it/s]Loading weights: 100%|██████████| 136/136 [00:00<00:00, 403.39it/s]
[1mNewModel LOAD REPORT[0m from: Alibaba-NLP/gte-multilingual-base
Key               | Status     |  | 
------------------+------------+--+-
classifier.bias   | UNEXPECTED |  | 
classifier.weight | UNEXPECTED |  | 

Notes:
- UNEXPECTED:	can be ignored when loading from different task/architecture; not ok if you expect identical arch.
/home/norak/R&I/Explainable-AI-for-Automated-Grading-of-Khmer-Language-Short-Answer-Questions-in-Education/train.py:206: FutureWarning: `torch.cuda.amp.GradScaler(args...)` is deprecated. Please use `torch.amp.GradScaler('cuda', args...)` instead.
  scaler = torch.cuda.amp.GradScaler() if use_amp and device == "cuda" else None
/home/norak/R&I/Explainable-AI-for-Automated-Grading-of-Khmer-Language-Short-Answer-Questions-in-Education/train.py:148: FutureWarning: `torch.cuda.amp.autocast(args...)` is deprecated. Please use `torch.amp.autocast('cuda', args...)` instead.
  with torch.cuda.amp.autocast():
/home/norak/R&I/Explainable-AI-for-Automated-Grading-of-Khmer-Language-Short-Answer-Questions-in-Education/train.py:169: FutureWarning: `torch.cuda.amp.autocast(args...)` is deprecated. Please use `torch.amp.autocast('cuda', args...)` instead.
  with torch.cuda.amp.autocast():
    epoch  1  loss(tr/va/te)=0.0697/0.0508/0.0471  qwk(tr/va/te)=0.5578/0.5437/0.5480  acc(tr/va/te)=0.4541/0.4213/0.4888
/home/norak/R&I/Explainable-AI-for-Automated-Grading-of-Khmer-Language-Short-Answer-Questions-in-Education/train.py:148: FutureWarning: `torch.cuda.amp.autocast(args...)` is deprecated. Please use `torch.amp.autocast('cuda', args...)` instead.
  with torch.cuda.amp.autocast():
/home/norak/R&I/Explainable-AI-for-Automated-Grading-of-Khmer-Language-Short-Answer-Questions-in-Education/train.py:169: FutureWarning: `torch.cuda.amp.autocast(args...)` is deprecated. Please use `torch.amp.autocast('cuda', args...)` instead.
  with torch.cuda.amp.autocast():
    epoch  2  loss(tr/va/te)=0.0427/0.0416/0.0384  qwk(tr/va/te)=0.7053/0.6202/0.7118  acc(tr/va/te)=0.5568/0.5000/0.6236
/home/norak/R&I/Explainable-AI-for-Automated-Grading-of-Khmer-Language-Short-Answer-Questions-in-Education/train.py:148: FutureWarning: `torch.cuda.amp.autocast(args...)` is deprecated. Please use `torch.amp.autocast('cuda', args...)` instead.
  with torch.cuda.amp.autocast():
/home/norak/R&I/Explainable-AI-for-Automated-Grading-of-Khmer-Language-Short-Answer-Questions-in-Education/train.py:169: FutureWarning: `torch.cuda.amp.autocast(args...)` is deprecated. Please use `torch.amp.autocast('cuda', args...)` instead.
  with torch.cuda.amp.autocast():
    epoch  3  loss(tr/va/te)=0.0339/0.0388/0.0381  qwk(tr/va/te)=0.7470/0.6878/0.6739  acc(tr/va/te)=0.6063/0.5955/0.6685
/home/norak/R&I/Explainable-AI-for-Automated-Grading-of-Khmer-Language-Short-Answer-Questions-in-Education/train.py:148: FutureWarning: `torch.cuda.amp.autocast(args...)` is deprecated. Please use `torch.amp.autocast('cuda', args...)` instead.
  with torch.cuda.amp.autocast():
/home/norak/R&I/Explainable-AI-for-Automated-Grading-of-Khmer-Language-Short-Answer-Questions-in-Education/train.py:169: FutureWarning: `torch.cuda.amp.autocast(args...)` is deprecated. Please use `torch.amp.autocast('cuda', args...)` instead.
  with torch.cuda.amp.autocast():
    epoch  4  loss(tr/va/te)=0.0297/0.0361/0.0327  qwk(tr/va/te)=0.7616/0.6840/0.6871  acc(tr/va/te)=0.6196/0.6067/0.6461
/home/norak/R&I/Explainable-AI-for-Automated-Grading-of-Khmer-Language-Short-Answer-Questions-in-Education/train.py:148: FutureWarning: `torch.cuda.amp.autocast(args...)` is deprecated. Please use `torch.amp.autocast('cuda', args...)` instead.
  with torch.cuda.amp.autocast():
/home/norak/R&I/Explainable-AI-for-Automated-Grading-of-Khmer-Language-Short-Answer-Questions-in-Education/train.py:169: FutureWarning: `torch.cuda.amp.autocast(args...)` is deprecated. Please use `torch.amp.autocast('cuda', args...)` instead.
  with torch.cuda.amp.autocast():
    epoch  5  loss(tr/va/te)=0.0261/0.0322/0.0301  qwk(tr/va/te)=0.8193/0.7185/0.7592  acc(tr/va/te)=0.6643/0.6180/0.6798
/home/norak/R&I/Explainable-AI-for-Automated-Grading-of-Khmer-Language-Short-Answer-Questions-in-Education/train.py:148: FutureWarning: `torch.cuda.amp.autocast(args...)` is deprecated. Please use `torch.amp.autocast('cuda', args...)` instead.
  with torch.cuda.amp.autocast():
/home/norak/R&I/Explainable-AI-for-Automated-Grading-of-Khmer-Language-Short-Answer-Questions-in-Education/train.py:169: FutureWarning: `torch.cuda.amp.autocast(args...)` is deprecated. Please use `torch.amp.autocast('cuda', args...)` instead.
  with torch.cuda.amp.autocast():
    epoch  6  loss(tr/va/te)=0.0240/0.0325/0.0328  qwk(tr/va/te)=0.8016/0.7075/0.7221  acc(tr/va/te)=0.6473/0.6124/0.6798
/home/norak/R&I/Explainable-AI-for-Automated-Grading-of-Khmer-Language-Short-Answer-Questions-in-Education/train.py:148: FutureWarning: `torch.cuda.amp.autocast(args...)` is deprecated. Please use `torch.amp.autocast('cuda', args...)` instead.
  with torch.cuda.amp.autocast():
/home/norak/R&I/Explainable-AI-for-Automated-Grading-of-Khmer-Language-Short-Answer-Questions-in-Education/train.py:169: FutureWarning: `torch.cuda.amp.autocast(args...)` is deprecated. Please use `torch.amp.autocast('cuda', args...)` instead.
  with torch.cuda.amp.autocast():
    epoch  7  loss(tr/va/te)=0.0215/0.0300/0.0301  qwk(tr/va/te)=0.8391/0.7637/0.7645  acc(tr/va/te)=0.6836/0.6461/0.6910
/home/norak/R&I/Explainable-AI-for-Automated-Grading-of-Khmer-Language-Short-Answer-Questions-in-Education/train.py:148: FutureWarning: `torch.cuda.amp.autocast(args...)` is deprecated. Please use `torch.amp.autocast('cuda', args...)` instead.
  with torch.cuda.amp.autocast():
/home/norak/R&I/Explainable-AI-for-Automated-Grading-of-Khmer-Language-Short-Answer-Questions-in-Education/train.py:169: FutureWarning: `torch.cuda.amp.autocast(args...)` is deprecated. Please use `torch.amp.autocast('cuda', args...)` instead.
  with torch.cuda.amp.autocast():
    epoch  8  loss(tr/va/te)=0.0197/0.0327/0.0286  qwk(tr/va/te)=0.8526/0.7185/0.7515  acc(tr/va/te)=0.7101/0.6180/0.7247
/home/norak/R&I/Explainable-AI-for-Automated-Grading-of-Khmer-Language-Short-Answer-Questions-in-Education/train.py:148: FutureWarning: `torch.cuda.amp.autocast(args...)` is deprecated. Please use `torch.amp.autocast('cuda', args...)` instead.
  with torch.cuda.amp.autocast():
/home/norak/R&I/Explainable-AI-for-Automated-Grading-of-Khmer-Language-Short-Answer-Questions-in-Education/train.py:169: FutureWarning: `torch.cuda.amp.autocast(args...)` is deprecated. Please use `torch.amp.autocast('cuda', args...)` instead.
  with torch.cuda.amp.autocast():
    epoch  9  loss(tr/va/te)=0.0179/0.0307/0.0284  qwk(tr/va/te)=0.8611/0.7439/0.7778  acc(tr/va/te)=0.7126/0.6461/0.6854
/home/norak/R&I/Explainable-AI-for-Automated-Grading-of-Khmer-Language-Short-Answer-Questions-in-Education/train.py:148: FutureWarning: `torch.cuda.amp.autocast(args...)` is deprecated. Please use `torch.amp.autocast('cuda', args...)` instead.
  with torch.cuda.amp.autocast():
/home/norak/R&I/Explainable-AI-for-Automated-Grading-of-Khmer-Language-Short-Answer-Questions-in-Education/train.py:169: FutureWarning: `torch.cuda.amp.autocast(args...)` is deprecated. Please use `torch.amp.autocast('cuda', args...)` instead.
  with torch.cuda.amp.autocast():
    epoch 10  loss(tr/va/te)=0.0171/0.0297/0.0277  qwk(tr/va/te)=0.8613/0.7591/0.7884  acc(tr/va/te)=0.7089/0.6180/0.7079
/home/norak/R&I/Explainable-AI-for-Automated-Grading-of-Khmer-Language-Short-Answer-Questions-in-Education/train.py:148: FutureWarning: `torch.cuda.amp.autocast(args...)` is deprecated. Please use `torch.amp.autocast('cuda', args...)` instead.
  with torch.cuda.amp.autocast():
/home/norak/R&I/Explainable-AI-for-Automated-Grading-of-Khmer-Language-Short-Answer-Questions-in-Education/train.py:169: FutureWarning: `torch.cuda.amp.autocast(args...)` is deprecated. Please use `torch.amp.autocast('cuda', args...)` instead.
  with torch.cuda.amp.autocast():
    epoch 11  loss(tr/va/te)=0.0169/0.0304/0.0286  qwk(tr/va/te)=0.8592/0.7500/0.7599  acc(tr/va/te)=0.7114/0.6236/0.7191
    early-stop at epoch 11 (best epoch=7, best_qwk=0.7637)
/home/norak/R&I/Explainable-AI-for-Automated-Grading-of-Khmer-Language-Short-Answer-Questions-in-Education/train.py:169: FutureWarning: `torch.cuda.amp.autocast(args...)` is deprecated. Please use `torch.amp.autocast('cuda', args...)` instead.
  with torch.cuda.amp.autocast():
/home/norak/R&I/Explainable-AI-for-Automated-Grading-of-Khmer-Language-Short-Answer-Questions-in-Education/train.py:169: FutureWarning: `torch.cuda.amp.autocast(args...)` is deprecated. Please use `torch.amp.autocast('cuda', args...)` instead.
  with torch.cuda.amp.autocast():
/home/norak/R&I/Explainable-AI-for-Automated-Grading-of-Khmer-Language-Short-Answer-Questions-in-Education/train.py:169: FutureWarning: `torch.cuda.amp.autocast(args...)` is deprecated. Please use `torch.amp.autocast('cuda', args...)` instead.
  with torch.cuda.amp.autocast():
  [raw_ra_dual_gte                    ] train_qwk=0.8391 -> test_qwk=0.7645  raw_w1=0.7135  epoch=7  (160.4s)
Loading weights:   0%|          | 0/199 [00:00<?, ?it/s]Loading weights: 100%|██████████| 199/199 [00:00<00:00, 2750.26it/s]
[1mBertModel LOAD REPORT[0m from: bert-base-multilingual-cased
Key                                        | Status     |  | 
-------------------------------------------+------------+--+-
cls.predictions.transform.dense.bias       | UNEXPECTED |  | 
cls.predictions.transform.dense.weight     | UNEXPECTED |  | 
cls.predictions.transform.LayerNorm.weight | UNEXPECTED |  | 
cls.predictions.transform.LayerNorm.bias   | UNEXPECTED |  | 
cls.predictions.bias                       | UNEXPECTED |  | 
cls.seq_relationship.weight                | UNEXPECTED |  | 
cls.seq_relationship.bias                  | UNEXPECTED |  | 

Notes:
- UNEXPECTED:	can be ignored when loading from different task/architecture; not ok if you expect identical arch.
/home/norak/R&I/Explainable-AI-for-Automated-Grading-of-Khmer-Language-Short-Answer-Questions-in-Education/train.py:206: FutureWarning: `torch.cuda.amp.GradScaler(args...)` is deprecated. Please use `torch.amp.GradScaler('cuda', args...)` instead.
  scaler = torch.cuda.amp.GradScaler() if use_amp and device == "cuda" else None
/home/norak/R&I/Explainable-AI-for-Automated-Grading-of-Khmer-Language-Short-Answer-Questions-in-Education/train.py:148: FutureWarning: `torch.cuda.amp.autocast(args...)` is deprecated. Please use `torch.amp.autocast('cuda', args...)` instead.
  with torch.cuda.amp.autocast():
/home/norak/R&I/Explainable-AI-for-Automated-Grading-of-Khmer-Language-Short-Answer-Questions-in-Education/train.py:169: FutureWarning: `torch.cuda.amp.autocast(args...)` is deprecated. Please use `torch.amp.autocast('cuda', args...)` instead.
  with torch.cuda.amp.autocast():
    epoch  1  loss(tr/va/te)=0.0761/0.0687/0.0679  qwk(tr/va/te)=0.1120/0.0460/0.1358  acc(tr/va/te)=0.1727/0.1854/0.2022
/home/norak/R&I/Explainable-AI-for-Automated-Grading-of-Khmer-Language-Short-Answer-Questions-in-Education/train.py:148: FutureWarning: `torch.cuda.amp.autocast(args...)` is deprecated. Please use `torch.amp.autocast('cuda', args...)` instead.
  with torch.cuda.amp.autocast():
/home/norak/R&I/Explainable-AI-for-Automated-Grading-of-Khmer-Language-Short-Answer-Questions-in-Education/train.py:169: FutureWarning: `torch.cuda.amp.autocast(args...)` is deprecated. Please use `torch.amp.autocast('cuda', args...)` instead.
  with torch.cuda.amp.autocast():
    epoch  2  loss(tr/va/te)=0.0651/0.0584/0.0566  qwk(tr/va/te)=0.5215/0.4958/0.5329  acc(tr/va/te)=0.4324/0.4157/0.4607
/home/norak/R&I/Explainable-AI-for-Automated-Grading-of-Khmer-Language-Short-Answer-Questions-in-Education/train.py:148: FutureWarning: `torch.cuda.amp.autocast(args...)` is deprecated. Please use `torch.amp.autocast('cuda', args...)` instead.
  with torch.cuda.amp.autocast():
/home/norak/R&I/Explainable-AI-for-Automated-Grading-of-Khmer-Language-Short-Answer-Questions-in-Education/train.py:169: FutureWarning: `torch.cuda.amp.autocast(args...)` is deprecated. Please use `torch.amp.autocast('cuda', args...)` instead.
  with torch.cuda.amp.autocast():
    epoch  3  loss(tr/va/te)=0.0558/0.0548/0.0475  qwk(tr/va/te)=0.4987/0.4356/0.4586  acc(tr/va/te)=0.3804/0.3820/0.3876
/home/norak/R&I/Explainable-AI-for-Automated-Grading-of-Khmer-Language-Short-Answer-Questions-in-Education/train.py:148: FutureWarning: `torch.cuda.amp.autocast(args...)` is deprecated. Please use `torch.amp.autocast('cuda', args...)` instead.
  with torch.cuda.amp.autocast():
/home/norak/R&I/Explainable-AI-for-Automated-Grading-of-Khmer-Language-Short-Answer-Questions-in-Education/train.py:169: FutureWarning: `torch.cuda.amp.autocast(args...)` is deprecated. Please use `torch.amp.autocast('cuda', args...)` instead.
  with torch.cuda.amp.autocast():
    epoch  4  loss(tr/va/te)=0.0499/0.0532/0.0427  qwk(tr/va/te)=0.6285/0.5214/0.6617  acc(tr/va/te)=0.5543/0.4944/0.6124
/home/norak/R&I/Explainable-AI-for-Automated-Grading-of-Khmer-Language-Short-Answer-Questions-in-Education/train.py:148: FutureWarning: `torch.cuda.amp.autocast(args...)` is deprecated. Please use `torch.amp.autocast('cuda', args...)` instead.
  with torch.cuda.amp.autocast():
/home/norak/R&I/Explainable-AI-for-Automated-Grading-of-Khmer-Language-Short-Answer-Questions-in-Education/train.py:169: FutureWarning: `torch.cuda.amp.autocast(args...)` is deprecated. Please use `torch.amp.autocast('cuda', args...)` instead.
  with torch.cuda.amp.autocast():
    epoch  5  loss(tr/va/te)=0.0456/0.0539/0.0438  qwk(tr/va/te)=0.6413/0.5635/0.6711  acc(tr/va/te)=0.5447/0.5337/0.6124
/home/norak/R&I/Explainable-AI-for-Automated-Grading-of-Khmer-Language-Short-Answer-Questions-in-Education/train.py:148: FutureWarning: `torch.cuda.amp.autocast(args...)` is deprecated. Please use `torch.amp.autocast('cuda', args...)` instead.
  with torch.cuda.amp.autocast():
/home/norak/R&I/Explainable-AI-for-Automated-Grading-of-Khmer-Language-Short-Answer-Questions-in-Education/train.py:169: FutureWarning: `torch.cuda.amp.autocast(args...)` is deprecated. Please use `torch.amp.autocast('cuda', args...)` instead.
  with torch.cuda.amp.autocast():
    epoch  6  loss(tr/va/te)=0.0452/0.0497/0.0416  qwk(tr/va/te)=0.6398/0.5723/0.6381  acc(tr/va/te)=0.5628/0.5169/0.6067
/home/norak/R&I/Explainable-AI-for-Automated-Grading-of-Khmer-Language-Short-Answer-Questions-in-Education/train.py:148: FutureWarning: `torch.cuda.amp.autocast(args...)` is deprecated. Please use `torch.amp.autocast('cuda', args...)` instead.
  with torch.cuda.amp.autocast():
/home/norak/R&I/Explainable-AI-for-Automated-Grading-of-Khmer-Language-Short-Answer-Questions-in-Education/train.py:169: FutureWarning: `torch.cuda.amp.autocast(args...)` is deprecated. Please use `torch.amp.autocast('cuda', args...)` instead.
  with torch.cuda.amp.autocast():
    epoch  7  loss(tr/va/te)=0.0406/0.0556/0.0474  qwk(tr/va/te)=0.5840/0.4703/0.5476  acc(tr/va/te)=0.4722/0.4382/0.5506
/home/norak/R&I/Explainable-AI-for-Automated-Grading-of-Khmer-Language-Short-Answer-Questions-in-Education/train.py:148: FutureWarning: `torch.cuda.amp.autocast(args...)` is deprecated. Please use `torch.amp.autocast('cuda', args...)` instead.
  with torch.cuda.amp.autocast():
/home/norak/R&I/Explainable-AI-for-Automated-Grading-of-Khmer-Language-Short-Answer-Questions-in-Education/train.py:169: FutureWarning: `torch.cuda.amp.autocast(args...)` is deprecated. Please use `torch.amp.autocast('cuda', args...)` instead.
  with torch.cuda.amp.autocast():
    epoch  8  loss(tr/va/te)=0.0393/0.0481/0.0427  qwk(tr/va/te)=0.6908/0.5569/0.6397  acc(tr/va/te)=0.5749/0.5449/0.6067
/home/norak/R&I/Explainable-AI-for-Automated-Grading-of-Khmer-Language-Short-Answer-Questions-in-Education/train.py:148: FutureWarning: `torch.cuda.amp.autocast(args...)` is deprecated. Please use `torch.amp.autocast('cuda', args...)` instead.
  with torch.cuda.amp.autocast():
/home/norak/R&I/Explainable-AI-for-Automated-Grading-of-Khmer-Language-Short-Answer-Questions-in-Education/train.py:169: FutureWarning: `torch.cuda.amp.autocast(args...)` is deprecated. Please use `torch.amp.autocast('cuda', args...)` instead.
  with torch.cuda.amp.autocast():
    epoch  9  loss(tr/va/te)=0.0381/0.0480/0.0434  qwk(tr/va/te)=0.6860/0.5445/0.6243  acc(tr/va/te)=0.5459/0.5000/0.6180
/home/norak/R&I/Explainable-AI-for-Automated-Grading-of-Khmer-Language-Short-Answer-Questions-in-Education/train.py:148: FutureWarning: `torch.cuda.amp.autocast(args...)` is deprecated. Please use `torch.amp.autocast('cuda', args...)` instead.
  with torch.cuda.amp.autocast():
/home/norak/R&I/Explainable-AI-for-Automated-Grading-of-Khmer-Language-Short-Answer-Questions-in-Education/train.py:169: FutureWarning: `torch.cuda.amp.autocast(args...)` is deprecated. Please use `torch.amp.autocast('cuda', args...)` instead.
  with torch.cuda.amp.autocast():
    epoch 10  loss(tr/va/te)=0.0365/0.0461/0.0424  qwk(tr/va/te)=0.6722/0.5837/0.6006  acc(tr/va/te)=0.5193/0.5056/0.5730
/home/norak/R&I/Explainable-AI-for-Automated-Grading-of-Khmer-Language-Short-Answer-Questions-in-Education/train.py:148: FutureWarning: `torch.cuda.amp.autocast(args...)` is deprecated. Please use `torch.amp.autocast('cuda', args...)` instead.
  with torch.cuda.amp.autocast():
/home/norak/R&I/Explainable-AI-for-Automated-Grading-of-Khmer-Language-Short-Answer-Questions-in-Education/train.py:169: FutureWarning: `torch.cuda.amp.autocast(args...)` is deprecated. Please use `torch.amp.autocast('cuda', args...)` instead.
  with torch.cuda.amp.autocast():
    epoch 11  loss(tr/va/te)=0.0346/0.0496/0.0432  qwk(tr/va/te)=0.7283/0.6147/0.6514  acc(tr/va/te)=0.6099/0.5449/0.6573
/home/norak/R&I/Explainable-AI-for-Automated-Grading-of-Khmer-Language-Short-Answer-Questions-in-Education/train.py:148: FutureWarning: `torch.cuda.amp.autocast(args...)` is deprecated. Please use `torch.amp.autocast('cuda', args...)` instead.
  with torch.cuda.amp.autocast():
/home/norak/R&I/Explainable-AI-for-Automated-Grading-of-Khmer-Language-Short-Answer-Questions-in-Education/train.py:169: FutureWarning: `torch.cuda.amp.autocast(args...)` is deprecated. Please use `torch.amp.autocast('cuda', args...)` instead.
  with torch.cuda.amp.autocast():
    epoch 12  loss(tr/va/te)=0.0340/0.0542/0.0411  qwk(tr/va/te)=0.7322/0.6038/0.7105  acc(tr/va/te)=0.6389/0.5618/0.6742
/home/norak/R&I/Explainable-AI-for-Automated-Grading-of-Khmer-Language-Short-Answer-Questions-in-Education/train.py:148: FutureWarning: `torch.cuda.amp.autocast(args...)` is deprecated. Please use `torch.amp.autocast('cuda', args...)` instead.
  with torch.cuda.amp.autocast():
/home/norak/R&I/Explainable-AI-for-Automated-Grading-of-Khmer-Language-Short-Answer-Questions-in-Education/train.py:169: FutureWarning: `torch.cuda.amp.autocast(args...)` is deprecated. Please use `torch.amp.autocast('cuda', args...)` instead.
  with torch.cuda.amp.autocast():
    epoch 13  loss(tr/va/te)=0.0322/0.0469/0.0410  qwk(tr/va/te)=0.7503/0.6162/0.6761  acc(tr/va/te)=0.6002/0.5225/0.6685
/home/norak/R&I/Explainable-AI-for-Automated-Grading-of-Khmer-Language-Short-Answer-Questions-in-Education/train.py:148: FutureWarning: `torch.cuda.amp.autocast(args...)` is deprecated. Please use `torch.amp.autocast('cuda', args...)` instead.
  with torch.cuda.amp.autocast():
/home/norak/R&I/Explainable-AI-for-Automated-Grading-of-Khmer-Language-Short-Answer-Questions-in-Education/train.py:169: FutureWarning: `torch.cuda.amp.autocast(args...)` is deprecated. Please use `torch.amp.autocast('cuda', args...)` instead.
  with torch.cuda.amp.autocast():
    epoch 14  loss(tr/va/te)=0.0319/0.0484/0.0409  qwk(tr/va/te)=0.7478/0.5858/0.6829  acc(tr/va/te)=0.6196/0.5618/0.6292
/home/norak/R&I/Explainable-AI-for-Automated-Grading-of-Khmer-Language-Short-Answer-Questions-in-Education/train.py:148: FutureWarning: `torch.cuda.amp.autocast(args...)` is deprecated. Please use `torch.amp.autocast('cuda', args...)` instead.
  with torch.cuda.amp.autocast():
/home/norak/R&I/Explainable-AI-for-Automated-Grading-of-Khmer-Language-Short-Answer-Questions-in-Education/train.py:169: FutureWarning: `torch.cuda.amp.autocast(args...)` is deprecated. Please use `torch.amp.autocast('cuda', args...)` instead.
  with torch.cuda.amp.autocast():
    epoch 15  loss(tr/va/te)=0.0320/0.0471/0.0434  qwk(tr/va/te)=0.7098/0.5980/0.5845  acc(tr/va/te)=0.5507/0.5056/0.5618
/home/norak/R&I/Explainable-AI-for-Automated-Grading-of-Khmer-Language-Short-Answer-Questions-in-Education/train.py:148: FutureWarning: `torch.cuda.amp.autocast(args...)` is deprecated. Please use `torch.amp.autocast('cuda', args...)` instead.
  with torch.cuda.amp.autocast():
/home/norak/R&I/Explainable-AI-for-Automated-Grading-of-Khmer-Language-Short-Answer-Questions-in-Education/train.py:169: FutureWarning: `torch.cuda.amp.autocast(args...)` is deprecated. Please use `torch.amp.autocast('cuda', args...)` instead.
  with torch.cuda.amp.autocast():
    epoch 16  loss(tr/va/te)=0.0322/0.0471/0.0439  qwk(tr/va/te)=0.7462/0.6153/0.6285  acc(tr/va/te)=0.5797/0.5281/0.6348
/home/norak/R&I/Explainable-AI-for-Automated-Grading-of-Khmer-Language-Short-Answer-Questions-in-Education/train.py:148: FutureWarning: `torch.cuda.amp.autocast(args...)` is deprecated. Please use `torch.amp.autocast('cuda', args...)` instead.
  with torch.cuda.amp.autocast():
/home/norak/R&I/Explainable-AI-for-Automated-Grading-of-Khmer-Language-Short-Answer-Questions-in-Education/train.py:169: FutureWarning: `torch.cuda.amp.autocast(args...)` is deprecated. Please use `torch.amp.autocast('cuda', args...)` instead.
  with torch.cuda.amp.autocast():
    epoch 17  loss(tr/va/te)=0.0312/0.0464/0.0400  qwk(tr/va/te)=0.7484/0.5894/0.6349  acc(tr/va/te)=0.5906/0.5169/0.6348
    early-stop at epoch 17 (best epoch=13, best_qwk=0.6162)
/home/norak/R&I/Explainable-AI-for-Automated-Grading-of-Khmer-Language-Short-Answer-Questions-in-Education/train.py:169: FutureWarning: `torch.cuda.amp.autocast(args...)` is deprecated. Please use `torch.amp.autocast('cuda', args...)` instead.
  with torch.cuda.amp.autocast():
/home/norak/R&I/Explainable-AI-for-Automated-Grading-of-Khmer-Language-Short-Answer-Questions-in-Education/train.py:169: FutureWarning: `torch.cuda.amp.autocast(args...)` is deprecated. Please use `torch.amp.autocast('cuda', args...)` instead.
  with torch.cuda.amp.autocast():
/home/norak/R&I/Explainable-AI-for-Automated-Grading-of-Khmer-Language-Short-Answer-Questions-in-Education/train.py:169: FutureWarning: `torch.cuda.amp.autocast(args...)` is deprecated. Please use `torch.amp.autocast('cuda', args...)` instead.
  with torch.cuda.amp.autocast():
  [raw_ra_cross_mbert                 ] train_qwk=0.7503 -> test_qwk=0.6761  raw_w1=0.6966  epoch=13  (124.8s)
Loading weights:   0%|          | 0/199 [00:00<?, ?it/s]Loading weights: 100%|██████████| 199/199 [00:00<00:00, 2784.25it/s]
[1mXLMRobertaModel LOAD REPORT[0m from: xlm-roberta-base
Key                       | Status     |  | 
--------------------------+------------+--+-
lm_head.dense.weight      | UNEXPECTED |  | 
lm_head.layer_norm.weight | UNEXPECTED |  | 
lm_head.dense.bias        | UNEXPECTED |  | 
lm_head.layer_norm.bias   | UNEXPECTED |  | 
lm_head.bias              | UNEXPECTED |  | 

Notes:
- UNEXPECTED:	can be ignored when loading from different task/architecture; not ok if you expect identical arch.
/home/norak/R&I/Explainable-AI-for-Automated-Grading-of-Khmer-Language-Short-Answer-Questions-in-Education/train.py:206: FutureWarning: `torch.cuda.amp.GradScaler(args...)` is deprecated. Please use `torch.amp.GradScaler('cuda', args...)` instead.
  scaler = torch.cuda.amp.GradScaler() if use_amp and device == "cuda" else None
/home/norak/R&I/Explainable-AI-for-Automated-Grading-of-Khmer-Language-Short-Answer-Questions-in-Education/train.py:148: FutureWarning: `torch.cuda.amp.autocast(args...)` is deprecated. Please use `torch.amp.autocast('cuda', args...)` instead.
  with torch.cuda.amp.autocast():
/home/norak/R&I/Explainable-AI-for-Automated-Grading-of-Khmer-Language-Short-Answer-Questions-in-Education/train.py:169: FutureWarning: `torch.cuda.amp.autocast(args...)` is deprecated. Please use `torch.amp.autocast('cuda', args...)` instead.
  with torch.cuda.amp.autocast():
    epoch  1  loss(tr/va/te)=0.0804/0.0606/0.0559  qwk(tr/va/te)=0.2785/0.2328/0.3078  acc(tr/va/te)=0.1993/0.2191/0.2135
/home/norak/R&I/Explainable-AI-for-Automated-Grading-of-Khmer-Language-Short-Answer-Questions-in-Education/train.py:148: FutureWarning: `torch.cuda.amp.autocast(args...)` is deprecated. Please use `torch.amp.autocast('cuda', args...)` instead.
  with torch.cuda.amp.autocast():
