
========== exp01 TF-IDF baseline  1184 (full)  resume=True  ->  /home/norak/R&I/Explainable-AI-for-Automated-Grading-of-Khmer-Language-Short-Answer-Questions-in-Education/results_full ==========
  rows=1184 train=828 val=178 test=178
  labels: {0: 14, 1: 153, 2: 327, 3: 191, 4: 499}
  [raw_ra_tfidf_cos              ] train_qwk=0.3860 -> test_qwk=0.4753  acc5=0.3764  raw_w1=0.4775  (3.4s)
  [raw_ra_tfidf_svr              ] train_qwk=0.8380 -> test_qwk=0.7677  acc5=0.6742  raw_w1=0.6910  (57.8s)
  [raw_qar_tfidf_cos             ] train_qwk=0.3559 -> test_qwk=0.4171  acc5=0.3258  raw_w1=0.4551  (3.5s)
  [raw_qar_tfidf_svr             ] train_qwk=0.8328 -> test_qwk=0.7685  acc5=0.6742  raw_w1=0.6966  (61.2s)
  [clean_ra_tfidf_cos            ] train_qwk=0.3998 -> test_qwk=0.4734  acc5=0.4101  raw_w1=0.5000  (4.1s)
  [clean_ra_tfidf_svr            ] train_qwk=0.8387 -> test_qwk=0.7741  acc5=0.6854  raw_w1=0.6966  (59.6s)
  [clean_qar_tfidf_cos           ] train_qwk=0.3965 -> test_qwk=0.4780  acc5=0.3708  raw_w1=0.5112  (4.3s)
  [clean_qar_tfidf_svr           ] train_qwk=0.8348 -> test_qwk=0.7750  acc5=0.6854  raw_w1=0.7135  (59.4s)
| 2026-06-11 09:27:35,359 | [1;32mINFO[0m | khmer-nltk | Loaded model from /home/norak/R&I/Explainable-AI-for-Automated-Grading-of-Khmer-Language-Short-Answer-Questions-in-Education/.venv/lib/python3.12/site-packages/khmernltk/word_tokenize/sklearn_crf_ner_10000.sav |
  [segment_ra_tfidf_cos          ] train_qwk=0.4071 -> test_qwk=0.4956  acc5=0.4157  raw_w1=0.4944  (15.9s)
  [segment_ra_tfidf_svr          ] train_qwk=0.8360 -> test_qwk=0.7729  acc5=0.6854  raw_w1=0.7360  (60.5s)
  [segment_qar_tfidf_cos         ] train_qwk=0.3791 -> test_qwk=0.4182  acc5=0.3315  raw_w1=0.4831  (15.8s)
  [segment_qar_tfidf_svr         ] train_qwk=0.8321 -> test_qwk=0.7707  acc5=0.6798  raw_w1=0.7247  (60.1s)

========== exp01 TF-IDF baseline  909 (no 10C biology)  resume=True  ->  /home/norak/R&I/Explainable-AI-for-Automated-Grading-of-Khmer-Language-Short-Answer-Questions-in-Education/results_no10c ==========
  rows=909 train=636 val=136 test=137
  labels: {0: 14, 1: 133, 2: 205, 3: 121, 4: 436}
  [raw_ra_tfidf_cos              ] train_qwk=0.4695 -> test_qwk=0.4923  acc5=0.4234  raw_w1=0.4891  (2.7s)
  [raw_ra_tfidf_svr              ] train_qwk=0.9115 -> test_qwk=0.8109  acc5=0.6569  raw_w1=0.6715  (30.4s)
  [raw_qar_tfidf_cos             ] train_qwk=0.4334 -> test_qwk=0.4442  acc5=0.3285  raw_w1=0.4745  (2.9s)
  [raw_qar_tfidf_svr             ] train_qwk=0.9086 -> test_qwk=0.8068  acc5=0.6642  raw_w1=0.6934  (30.8s)
  [clean_ra_tfidf_cos            ] train_qwk=0.4903 -> test_qwk=0.5216  acc5=0.4526  raw_w1=0.5182  (3.4s)
  [clean_ra_tfidf_svr            ] train_qwk=0.9134 -> test_qwk=0.8165  acc5=0.6642  raw_w1=0.6642  (30.2s)
  [clean_qar_tfidf_cos           ] train_qwk=0.4487 -> test_qwk=0.4573  acc5=0.3212  raw_w1=0.4964  (3.5s)
  [clean_qar_tfidf_svr           ] train_qwk=0.9119 -> test_qwk=0.8017  acc5=0.6496  raw_w1=0.7080  (31.5s)
  [segment_ra_tfidf_cos          ] train_qwk=0.5064 -> test_qwk=0.5329  acc5=0.4745  raw_w1=0.5328  (13.2s)
  [segment_ra_tfidf_svr          ] train_qwk=0.9102 -> test_qwk=0.7815  acc5=0.6277  raw_w1=0.7080  (35.2s)
  [segment_qar_tfidf_cos         ] train_qwk=0.4600 -> test_qwk=0.4523  acc5=0.3358  raw_w1=0.5109  (13.4s)
  [segment_qar_tfidf_svr         ] train_qwk=0.9080 -> test_qwk=0.7866  acc5=0.6496  raw_w1=0.7226  (35.2s)

========== exp01 TF-IDF baseline  895 (no 10C, drop 0)  resume=True  ->  /home/norak/R&I/Explainable-AI-for-Automated-Grading-of-Khmer-Language-Short-Answer-Questions-in-Education/results_no10c_no0 ==========
  rows=895 train=626 val=134 test=135
  labels: {1: 133, 2: 205, 3: 121, 4: 436}
  [raw_ra_tfidf_cos              ] train_qwk=0.4633 -> test_qwk=0.4525  acc5=0.4444  raw_w1=0.5111  (2.7s)
  [raw_ra_tfidf_svr              ] train_qwk=0.9038 -> test_qwk=0.7906  acc5=0.6222  raw_w1=0.6815  (30.2s)
  [raw_qar_tfidf_cos             ] train_qwk=0.4099 -> test_qwk=0.3884  acc5=0.3481  raw_w1=0.4889  (2.8s)
  [raw_qar_tfidf_svr             ] train_qwk=0.9029 -> test_qwk=0.7972  acc5=0.6296  raw_w1=0.6741  (29.4s)
  [clean_ra_tfidf_cos            ] train_qwk=0.4844 -> test_qwk=0.4879  acc5=0.4889  raw_w1=0.5259  (3.3s)
  [clean_ra_tfidf_svr            ] train_qwk=0.9037 -> test_qwk=0.7839  acc5=0.6296  raw_w1=0.6815  (30.7s)
  [clean_qar_tfidf_cos           ] train_qwk=0.4450 -> test_qwk=0.4203  acc5=0.3852  raw_w1=0.5111  (3.4s)
  [clean_qar_tfidf_svr           ] train_qwk=0.9024 -> test_qwk=0.8024  acc5=0.6370  raw_w1=0.6889  (30.5s)
  [segment_ra_tfidf_cos          ] train_qwk=0.5118 -> test_qwk=0.5030  acc5=0.4667  raw_w1=0.5111  (13.0s)
  [segment_ra_tfidf_svr          ] train_qwk=0.9045 -> test_qwk=0.7946  acc5=0.6296  raw_w1=0.7111  (34.6s)
  [segment_qar_tfidf_cos         ] train_qwk=0.4690 -> test_qwk=0.4519  acc5=0.3630  raw_w1=0.5185  (13.1s)
